RUN	fetchAllUsersDataScenario.FetchAllUsersDataSimulation	fetchallusersdatasimulation	1649942757763	ok	3.7.6
USER	FetchAllUsersDataSimulation	START	1649942758288
REQUEST		Load Login Page	1649942758304	1649942758305	KO	j.n.UnknownHostException: DOMAIN TO FETCH ALL USERS DATA
REQUEST		Customer Login Action	1649942758311	1649942758311	KO	j.n.UnknownHostException: DOMAIN TO FETCH ALL USERS DATA
REQUEST		Fetch All Users Data	1649942758311	1649942758311	KO	j.n.UnknownHostException: DOMAIN TO FETCH ALL USERS DATA
USER	FetchAllUsersDataSimulation	END	1649942758312
USER	FetchAllUsersDataSimulation	START	1649942758386
REQUEST		Load Login Page	1649942758386	1649942758386	KO	j.n.UnknownHostException: DOMAIN TO FETCH ALL USERS DATA
REQUEST		Customer Login Action	1649942758387	1649942758387	KO	j.n.UnknownHostException: DOMAIN TO FETCH ALL USERS DATA
REQUEST		Fetch All Users Data	1649942758387	1649942758387	KO	j.n.UnknownHostException: DOMAIN TO FETCH ALL USERS DATA
USER	FetchAllUsersDataSimulation	END	1649942758387
USER	FetchAllUsersDataSimulation	START	1649942758481
REQUEST		Load Login Page	1649942758481	1649942758481	KO	j.n.UnknownHostException: DOMAIN TO FETCH ALL USERS DATA
REQUEST		Customer Login Action	1649942758481	1649942758482	KO	j.n.UnknownHostException: DOMAIN TO FETCH ALL USERS DATA
REQUEST		Fetch All Users Data	1649942758482	1649942758482	KO	j.n.UnknownHostException: DOMAIN TO FETCH ALL USERS DATA
USER	FetchAllUsersDataSimulation	END	1649942758482
USER	FetchAllUsersDataSimulation	START	1649942758590
REQUEST		Load Login Page	1649942758591	1649942758591	KO	j.n.UnknownHostException: DOMAIN TO FETCH ALL USERS DATA
REQUEST		Customer Login Action	1649942758592	1649942758592	KO	j.n.UnknownHostException: DOMAIN TO FETCH ALL USERS DATA
REQUEST		Fetch All Users Data	1649942758592	1649942758592	KO	j.n.UnknownHostException: DOMAIN TO FETCH ALL USERS DATA
USER	FetchAllUsersDataSimulation	END	1649942758593
USER	FetchAllUsersDataSimulation	START	1649942758683
REQUEST		Load Login Page	1649942758684	1649942758685	KO	j.n.UnknownHostException: DOMAIN TO FETCH ALL USERS DATA
REQUEST		Customer Login Action	1649942758685	1649942758685	KO	j.n.UnknownHostException: DOMAIN TO FETCH ALL USERS DATA
REQUEST		Fetch All Users Data	1649942758686	1649942758686	KO	j.n.UnknownHostException: DOMAIN TO FETCH ALL USERS DATA
USER	FetchAllUsersDataSimulation	END	1649942758687
USER	FetchAllUsersDataSimulation	START	1649942758790
REQUEST		Load Login Page	1649942758791	1649942758792	KO	j.n.UnknownHostException: DOMAIN TO FETCH ALL USERS DATA
REQUEST		Customer Login Action	1649942758792	1649942758792	KO	j.n.UnknownHostException: DOMAIN TO FETCH ALL USERS DATA
REQUEST		Fetch All Users Data	1649942758793	1649942758793	KO	j.n.UnknownHostException: DOMAIN TO FETCH ALL USERS DATA
USER	FetchAllUsersDataSimulation	END	1649942758794
USER	FetchAllUsersDataSimulation	START	1649942758882
REQUEST		Load Login Page	1649942758883	1649942758883	KO	j.n.UnknownHostException: DOMAIN TO FETCH ALL USERS DATA
REQUEST		Customer Login Action	1649942758884	1649942758884	KO	j.n.UnknownHostException: DOMAIN TO FETCH ALL USERS DATA
REQUEST		Fetch All Users Data	1649942758884	1649942758884	KO	j.n.UnknownHostException: DOMAIN TO FETCH ALL USERS DATA
USER	FetchAllUsersDataSimulation	END	1649942758884
USER	FetchAllUsersDataSimulation	START	1649942758991
REQUEST		Load Login Page	1649942758992	1649942758992	KO	j.n.UnknownHostException: DOMAIN TO FETCH ALL USERS DATA
REQUEST		Customer Login Action	1649942758992	1649942758992	KO	j.n.UnknownHostException: DOMAIN TO FETCH ALL USERS DATA
REQUEST		Fetch All Users Data	1649942758992	1649942758992	KO	j.n.UnknownHostException: DOMAIN TO FETCH ALL USERS DATA
USER	FetchAllUsersDataSimulation	END	1649942758992
USER	FetchAllUsersDataSimulation	START	1649942759085
REQUEST		Load Login Page	1649942759086	1649942759086	KO	j.n.UnknownHostException: DOMAIN TO FETCH ALL USERS DATA
REQUEST		Customer Login Action	1649942759087	1649942759087	KO	j.n.UnknownHostException: DOMAIN TO FETCH ALL USERS DATA
REQUEST		Fetch All Users Data	1649942759087	1649942759087	KO	j.n.UnknownHostException: DOMAIN TO FETCH ALL USERS DATA
USER	FetchAllUsersDataSimulation	END	1649942759087
USER	FetchAllUsersDataSimulation	START	1649942759179
REQUEST		Load Login Page	1649942759180	1649942759181	KO	j.n.UnknownHostException: DOMAIN TO FETCH ALL USERS DATA
REQUEST		Customer Login Action	1649942759181	1649942759182	KO	j.n.UnknownHostException: DOMAIN TO FETCH ALL USERS DATA
REQUEST		Fetch All Users Data	1649942759182	1649942759182	KO	j.n.UnknownHostException: DOMAIN TO FETCH ALL USERS DATA
USER	FetchAllUsersDataSimulation	END	1649942759183
USER	FetchAllUsersDataSimulation	START	1649942759287
REQUEST		Load Login Page	1649942759288	1649942759288	KO	j.n.UnknownHostException: DOMAIN TO FETCH ALL USERS DATA
REQUEST		Customer Login Action	1649942759288	1649942759288	KO	j.n.UnknownHostException: DOMAIN TO FETCH ALL USERS DATA
REQUEST		Fetch All Users Data	1649942759288	1649942759288	KO	j.n.UnknownHostException: DOMAIN TO FETCH ALL USERS DATA
USER	FetchAllUsersDataSimulation	END	1649942759288
USER	FetchAllUsersDataSimulation	START	1649942759379
REQUEST		Load Login Page	1649942759380	1649942759380	KO	j.n.UnknownHostException: DOMAIN TO FETCH ALL USERS DATA
REQUEST		Customer Login Action	1649942759380	1649942759380	KO	j.n.UnknownHostException: DOMAIN TO FETCH ALL USERS DATA
REQUEST		Fetch All Users Data	1649942759381	1649942759381	KO	j.n.UnknownHostException: DOMAIN TO FETCH ALL USERS DATA
USER	FetchAllUsersDataSimulation	END	1649942759381
USER	FetchAllUsersDataSimulation	START	1649942759487
REQUEST		Load Login Page	1649942759489	1649942759489	KO	j.n.UnknownHostException: DOMAIN TO FETCH ALL USERS DATA
REQUEST		Customer Login Action	1649942759490	1649942759490	KO	j.n.UnknownHostException: DOMAIN TO FETCH ALL USERS DATA
REQUEST		Fetch All Users Data	1649942759491	1649942759491	KO	j.n.UnknownHostException: DOMAIN TO FETCH ALL USERS DATA
USER	FetchAllUsersDataSimulation	END	1649942759491
USER	FetchAllUsersDataSimulation	START	1649942759580
REQUEST		Load Login Page	1649942759581	1649942759581	KO	j.n.UnknownHostException: DOMAIN TO FETCH ALL USERS DATA
REQUEST		Customer Login Action	1649942759581	1649942759581	KO	j.n.UnknownHostException: DOMAIN TO FETCH ALL USERS DATA
REQUEST		Fetch All Users Data	1649942759581	1649942759581	KO	j.n.UnknownHostException: DOMAIN TO FETCH ALL USERS DATA
USER	FetchAllUsersDataSimulation	END	1649942759581
USER	FetchAllUsersDataSimulation	START	1649942759689
REQUEST		Load Login Page	1649942759689	1649942759689	KO	j.n.UnknownHostException: DOMAIN TO FETCH ALL USERS DATA
REQUEST		Customer Login Action	1649942759690	1649942759690	KO	j.n.UnknownHostException: DOMAIN TO FETCH ALL USERS DATA
REQUEST		Fetch All Users Data	1649942759690	1649942759690	KO	j.n.UnknownHostException: DOMAIN TO FETCH ALL USERS DATA
USER	FetchAllUsersDataSimulation	END	1649942759690
USER	FetchAllUsersDataSimulation	START	1649942759782
REQUEST		Load Login Page	1649942759783	1649942759783	KO	j.n.UnknownHostException: DOMAIN TO FETCH ALL USERS DATA
REQUEST		Customer Login Action	1649942759783	1649942759783	KO	j.n.UnknownHostException: DOMAIN TO FETCH ALL USERS DATA
REQUEST		Fetch All Users Data	1649942759783	1649942759783	KO	j.n.UnknownHostException: DOMAIN TO FETCH ALL USERS DATA
USER	FetchAllUsersDataSimulation	END	1649942759784
USER	FetchAllUsersDataSimulation	START	1649942759890
REQUEST		Load Login Page	1649942759891	1649942759891	KO	j.n.UnknownHostException: DOMAIN TO FETCH ALL USERS DATA
REQUEST		Customer Login Action	1649942759891	1649942759891	KO	j.n.UnknownHostException: DOMAIN TO FETCH ALL USERS DATA
REQUEST		Fetch All Users Data	1649942759892	1649942759892	KO	j.n.UnknownHostException: DOMAIN TO FETCH ALL USERS DATA
USER	FetchAllUsersDataSimulation	END	1649942759892
USER	FetchAllUsersDataSimulation	START	1649942759984
REQUEST		Load Login Page	1649942759986	1649942759986	KO	j.n.UnknownHostException: DOMAIN TO FETCH ALL USERS DATA
REQUEST		Customer Login Action	1649942759987	1649942759987	KO	j.n.UnknownHostException: DOMAIN TO FETCH ALL USERS DATA
REQUEST		Fetch All Users Data	1649942759988	1649942759988	KO	j.n.UnknownHostException: DOMAIN TO FETCH ALL USERS DATA
USER	FetchAllUsersDataSimulation	END	1649942759988
USER	FetchAllUsersDataSimulation	START	1649942760091
REQUEST		Load Login Page	1649942760091	1649942760091	KO	j.n.UnknownHostException: DOMAIN TO FETCH ALL USERS DATA
REQUEST		Customer Login Action	1649942760092	1649942760092	KO	j.n.UnknownHostException: DOMAIN TO FETCH ALL USERS DATA
REQUEST		Fetch All Users Data	1649942760092	1649942760092	KO	j.n.UnknownHostException: DOMAIN TO FETCH ALL USERS DATA
USER	FetchAllUsersDataSimulation	END	1649942760092
USER	FetchAllUsersDataSimulation	START	1649942760182
REQUEST		Load Login Page	1649942760183	1649942760183	KO	j.n.UnknownHostException: DOMAIN TO FETCH ALL USERS DATA
REQUEST		Customer Login Action	1649942760183	1649942760183	KO	j.n.UnknownHostException: DOMAIN TO FETCH ALL USERS DATA
REQUEST		Fetch All Users Data	1649942760184	1649942760184	KO	j.n.UnknownHostException: DOMAIN TO FETCH ALL USERS DATA
USER	FetchAllUsersDataSimulation	END	1649942760184
USER	FetchAllUsersDataSimulation	START	1649942760288
REQUEST		Load Login Page	1649942760289	1649942760289	KO	j.n.UnknownHostException: DOMAIN TO FETCH ALL USERS DATA
REQUEST		Customer Login Action	1649942760290	1649942760290	KO	j.n.UnknownHostException: DOMAIN TO FETCH ALL USERS DATA
REQUEST		Fetch All Users Data	1649942760290	1649942760291	KO	j.n.UnknownHostException: DOMAIN TO FETCH ALL USERS DATA
USER	FetchAllUsersDataSimulation	END	1649942760291
USER	FetchAllUsersDataSimulation	START	1649942760378
REQUEST		Load Login Page	1649942760379	1649942760379	KO	j.n.UnknownHostException: DOMAIN TO FETCH ALL USERS DATA
REQUEST		Customer Login Action	1649942760379	1649942760379	KO	j.n.UnknownHostException: DOMAIN TO FETCH ALL USERS DATA
REQUEST		Fetch All Users Data	1649942760379	1649942760379	KO	j.n.UnknownHostException: DOMAIN TO FETCH ALL USERS DATA
USER	FetchAllUsersDataSimulation	END	1649942760380
USER	FetchAllUsersDataSimulation	START	1649942760487
REQUEST		Load Login Page	1649942760488	1649942760488	KO	j.n.UnknownHostException: DOMAIN TO FETCH ALL USERS DATA
REQUEST		Customer Login Action	1649942760488	1649942760488	KO	j.n.UnknownHostException: DOMAIN TO FETCH ALL USERS DATA
REQUEST		Fetch All Users Data	1649942760488	1649942760488	KO	j.n.UnknownHostException: DOMAIN TO FETCH ALL USERS DATA
USER	FetchAllUsersDataSimulation	END	1649942760488
USER	FetchAllUsersDataSimulation	START	1649942760577
REQUEST		Load Login Page	1649942760578	1649942760579	KO	j.n.UnknownHostException: DOMAIN TO FETCH ALL USERS DATA
REQUEST		Customer Login Action	1649942760579	1649942760579	KO	j.n.UnknownHostException: DOMAIN TO FETCH ALL USERS DATA
REQUEST		Fetch All Users Data	1649942760580	1649942760580	KO	j.n.UnknownHostException: DOMAIN TO FETCH ALL USERS DATA
USER	FetchAllUsersDataSimulation	END	1649942760581
USER	FetchAllUsersDataSimulation	START	1649942760683
REQUEST		Load Login Page	1649942760683	1649942760683	KO	j.n.UnknownHostException: DOMAIN TO FETCH ALL USERS DATA
REQUEST		Customer Login Action	1649942760683	1649942760683	KO	j.n.UnknownHostException: DOMAIN TO FETCH ALL USERS DATA
REQUEST		Fetch All Users Data	1649942760684	1649942760684	KO	j.n.UnknownHostException: DOMAIN TO FETCH ALL USERS DATA
USER	FetchAllUsersDataSimulation	END	1649942760684
USER	FetchAllUsersDataSimulation	START	1649942760788
REQUEST		Load Login Page	1649942760789	1649942760789	KO	j.n.UnknownHostException: DOMAIN TO FETCH ALL USERS DATA
REQUEST		Customer Login Action	1649942760789	1649942760789	KO	j.n.UnknownHostException: DOMAIN TO FETCH ALL USERS DATA
REQUEST		Fetch All Users Data	1649942760790	1649942760790	KO	j.n.UnknownHostException: DOMAIN TO FETCH ALL USERS DATA
USER	FetchAllUsersDataSimulation	END	1649942760790
USER	FetchAllUsersDataSimulation	START	1649942760879
REQUEST		Load Login Page	1649942760881	1649942760881	KO	j.n.UnknownHostException: DOMAIN TO FETCH ALL USERS DATA
REQUEST		Customer Login Action	1649942760882	1649942760882	KO	j.n.UnknownHostException: DOMAIN TO FETCH ALL USERS DATA
REQUEST		Fetch All Users Data	1649942760882	1649942760882	KO	j.n.UnknownHostException: DOMAIN TO FETCH ALL USERS DATA
USER	FetchAllUsersDataSimulation	END	1649942760883
USER	FetchAllUsersDataSimulation	START	1649942760984
REQUEST		Load Login Page	1649942760985	1649942760985	KO	j.n.UnknownHostException: DOMAIN TO FETCH ALL USERS DATA
REQUEST		Customer Login Action	1649942760986	1649942760986	KO	j.n.UnknownHostException: DOMAIN TO FETCH ALL USERS DATA
REQUEST		Fetch All Users Data	1649942760986	1649942760986	KO	j.n.UnknownHostException: DOMAIN TO FETCH ALL USERS DATA
USER	FetchAllUsersDataSimulation	END	1649942760987
USER	FetchAllUsersDataSimulation	START	1649942761076
REQUEST		Load Login Page	1649942761077	1649942761077	KO	j.n.UnknownHostException: DOMAIN TO FETCH ALL USERS DATA
REQUEST		Customer Login Action	1649942761077	1649942761077	KO	j.n.UnknownHostException: DOMAIN TO FETCH ALL USERS DATA
REQUEST		Fetch All Users Data	1649942761078	1649942761078	KO	j.n.UnknownHostException: DOMAIN TO FETCH ALL USERS DATA
USER	FetchAllUsersDataSimulation	END	1649942761078
USER	FetchAllUsersDataSimulation	START	1649942761187
REQUEST		Load Login Page	1649942761187	1649942761187	KO	j.n.UnknownHostException: DOMAIN TO FETCH ALL USERS DATA
REQUEST		Customer Login Action	1649942761188	1649942761188	KO	j.n.UnknownHostException: DOMAIN TO FETCH ALL USERS DATA
REQUEST		Fetch All Users Data	1649942761188	1649942761188	KO	j.n.UnknownHostException: DOMAIN TO FETCH ALL USERS DATA
USER	FetchAllUsersDataSimulation	END	1649942761188
USER	FetchAllUsersDataSimulation	START	1649942761280
REQUEST		Load Login Page	1649942761281	1649942761281	KO	j.n.UnknownHostException: DOMAIN TO FETCH ALL USERS DATA
REQUEST		Customer Login Action	1649942761282	1649942761282	KO	j.n.UnknownHostException: DOMAIN TO FETCH ALL USERS DATA
REQUEST		Fetch All Users Data	1649942761283	1649942761283	KO	j.n.UnknownHostException: DOMAIN TO FETCH ALL USERS DATA
USER	FetchAllUsersDataSimulation	END	1649942761283
USER	FetchAllUsersDataSimulation	START	1649942761374
REQUEST		Load Login Page	1649942761375	1649942761375	KO	j.n.UnknownHostException: DOMAIN TO FETCH ALL USERS DATA
REQUEST		Customer Login Action	1649942761376	1649942761376	KO	j.n.UnknownHostException: DOMAIN TO FETCH ALL USERS DATA
REQUEST		Fetch All Users Data	1649942761376	1649942761376	KO	j.n.UnknownHostException: DOMAIN TO FETCH ALL USERS DATA
USER	FetchAllUsersDataSimulation	END	1649942761377
USER	FetchAllUsersDataSimulation	START	1649942761483
REQUEST		Load Login Page	1649942761484	1649942761484	KO	j.n.UnknownHostException: DOMAIN TO FETCH ALL USERS DATA
REQUEST		Customer Login Action	1649942761484	1649942761484	KO	j.n.UnknownHostException: DOMAIN TO FETCH ALL USERS DATA
REQUEST		Fetch All Users Data	1649942761484	1649942761484	KO	j.n.UnknownHostException: DOMAIN TO FETCH ALL USERS DATA
USER	FetchAllUsersDataSimulation	END	1649942761484
USER	FetchAllUsersDataSimulation	START	1649942761576
REQUEST		Load Login Page	1649942761577	1649942761577	KO	j.n.UnknownHostException: DOMAIN TO FETCH ALL USERS DATA
REQUEST		Customer Login Action	1649942761577	1649942761577	KO	j.n.UnknownHostException: DOMAIN TO FETCH ALL USERS DATA
REQUEST		Fetch All Users Data	1649942761578	1649942761578	KO	j.n.UnknownHostException: DOMAIN TO FETCH ALL USERS DATA
USER	FetchAllUsersDataSimulation	END	1649942761578
USER	FetchAllUsersDataSimulation	START	1649942761683
REQUEST		Load Login Page	1649942761684	1649942761684	KO	j.n.UnknownHostException: DOMAIN TO FETCH ALL USERS DATA
REQUEST		Customer Login Action	1649942761684	1649942761684	KO	j.n.UnknownHostException: DOMAIN TO FETCH ALL USERS DATA
REQUEST		Fetch All Users Data	1649942761685	1649942761685	KO	j.n.UnknownHostException: DOMAIN TO FETCH ALL USERS DATA
USER	FetchAllUsersDataSimulation	END	1649942761685
USER	FetchAllUsersDataSimulation	START	1649942761776
REQUEST		Load Login Page	1649942761777	1649942761777	KO	j.n.UnknownHostException: DOMAIN TO FETCH ALL USERS DATA
REQUEST		Customer Login Action	1649942761777	1649942761777	KO	j.n.UnknownHostException: DOMAIN TO FETCH ALL USERS DATA
REQUEST		Fetch All Users Data	1649942761777	1649942761777	KO	j.n.UnknownHostException: DOMAIN TO FETCH ALL USERS DATA
USER	FetchAllUsersDataSimulation	END	1649942761777
USER	FetchAllUsersDataSimulation	START	1649942761887
REQUEST		Load Login Page	1649942761888	1649942761888	KO	j.n.UnknownHostException: DOMAIN TO FETCH ALL USERS DATA
REQUEST		Customer Login Action	1649942761889	1649942761889	KO	j.n.UnknownHostException: DOMAIN TO FETCH ALL USERS DATA
REQUEST		Fetch All Users Data	1649942761889	1649942761890	KO	j.n.UnknownHostException: DOMAIN TO FETCH ALL USERS DATA
USER	FetchAllUsersDataSimulation	END	1649942761890
USER	FetchAllUsersDataSimulation	START	1649942761980
REQUEST		Load Login Page	1649942761981	1649942761981	KO	j.n.UnknownHostException: DOMAIN TO FETCH ALL USERS DATA
REQUEST		Customer Login Action	1649942761982	1649942761982	KO	j.n.UnknownHostException: DOMAIN TO FETCH ALL USERS DATA
REQUEST		Fetch All Users Data	1649942761982	1649942761982	KO	j.n.UnknownHostException: DOMAIN TO FETCH ALL USERS DATA
USER	FetchAllUsersDataSimulation	END	1649942761983
USER	FetchAllUsersDataSimulation	START	1649942762089
REQUEST		Load Login Page	1649942762091	1649942762091	KO	j.n.UnknownHostException: DOMAIN TO FETCH ALL USERS DATA
REQUEST		Customer Login Action	1649942762091	1649942762091	KO	j.n.UnknownHostException: DOMAIN TO FETCH ALL USERS DATA
REQUEST		Fetch All Users Data	1649942762091	1649942762091	KO	j.n.UnknownHostException: DOMAIN TO FETCH ALL USERS DATA
USER	FetchAllUsersDataSimulation	END	1649942762091
USER	FetchAllUsersDataSimulation	START	1649942762183
REQUEST		Load Login Page	1649942762184	1649942762184	KO	j.n.UnknownHostException: DOMAIN TO FETCH ALL USERS DATA
REQUEST		Customer Login Action	1649942762184	1649942762184	KO	j.n.UnknownHostException: DOMAIN TO FETCH ALL USERS DATA
REQUEST		Fetch All Users Data	1649942762184	1649942762184	KO	j.n.UnknownHostException: DOMAIN TO FETCH ALL USERS DATA
USER	FetchAllUsersDataSimulation	END	1649942762184
USER	FetchAllUsersDataSimulation	START	1649942762276
REQUEST		Load Login Page	1649942762278	1649942762278	KO	j.n.UnknownHostException: DOMAIN TO FETCH ALL USERS DATA
REQUEST		Customer Login Action	1649942762278	1649942762278	KO	j.n.UnknownHostException: DOMAIN TO FETCH ALL USERS DATA
REQUEST		Fetch All Users Data	1649942762279	1649942762279	KO	j.n.UnknownHostException: DOMAIN TO FETCH ALL USERS DATA
USER	FetchAllUsersDataSimulation	END	1649942762280
USER	FetchAllUsersDataSimulation	START	1649942762386
REQUEST		Load Login Page	1649942762387	1649942762387	KO	j.n.UnknownHostException: DOMAIN TO FETCH ALL USERS DATA
REQUEST		Customer Login Action	1649942762388	1649942762388	KO	j.n.UnknownHostException: DOMAIN TO FETCH ALL USERS DATA
REQUEST		Fetch All Users Data	1649942762389	1649942762389	KO	j.n.UnknownHostException: DOMAIN TO FETCH ALL USERS DATA
USER	FetchAllUsersDataSimulation	END	1649942762389
USER	FetchAllUsersDataSimulation	START	1649942762480
REQUEST		Load Login Page	1649942762481	1649942762482	KO	j.n.UnknownHostException: DOMAIN TO FETCH ALL USERS DATA
REQUEST		Customer Login Action	1649942762483	1649942762483	KO	j.n.UnknownHostException: DOMAIN TO FETCH ALL USERS DATA
REQUEST		Fetch All Users Data	1649942762483	1649942762483	KO	j.n.UnknownHostException: DOMAIN TO FETCH ALL USERS DATA
USER	FetchAllUsersDataSimulation	END	1649942762484
USER	FetchAllUsersDataSimulation	START	1649942762575
REQUEST		Load Login Page	1649942762575	1649942762575	KO	j.n.UnknownHostException: DOMAIN TO FETCH ALL USERS DATA
REQUEST		Customer Login Action	1649942762576	1649942762576	KO	j.n.UnknownHostException: DOMAIN TO FETCH ALL USERS DATA
REQUEST		Fetch All Users Data	1649942762576	1649942762576	KO	j.n.UnknownHostException: DOMAIN TO FETCH ALL USERS DATA
USER	FetchAllUsersDataSimulation	END	1649942762576
USER	FetchAllUsersDataSimulation	START	1649942762684
REQUEST		Load Login Page	1649942762684	1649942762684	KO	j.n.UnknownHostException: DOMAIN TO FETCH ALL USERS DATA
REQUEST		Customer Login Action	1649942762685	1649942762685	KO	j.n.UnknownHostException: DOMAIN TO FETCH ALL USERS DATA
REQUEST		Fetch All Users Data	1649942762685	1649942762685	KO	j.n.UnknownHostException: DOMAIN TO FETCH ALL USERS DATA
USER	FetchAllUsersDataSimulation	END	1649942762685
USER	FetchAllUsersDataSimulation	START	1649942762777
REQUEST		Load Login Page	1649942762778	1649942762778	KO	j.n.UnknownHostException: DOMAIN TO FETCH ALL USERS DATA
REQUEST		Customer Login Action	1649942762778	1649942762778	KO	j.n.UnknownHostException: DOMAIN TO FETCH ALL USERS DATA
REQUEST		Fetch All Users Data	1649942762778	1649942762778	KO	j.n.UnknownHostException: DOMAIN TO FETCH ALL USERS DATA
USER	FetchAllUsersDataSimulation	END	1649942762779
USER	FetchAllUsersDataSimulation	START	1649942762888
REQUEST		Load Login Page	1649942762888	1649942762889	KO	j.n.UnknownHostException: DOMAIN TO FETCH ALL USERS DATA
REQUEST		Customer Login Action	1649942762889	1649942762889	KO	j.n.UnknownHostException: DOMAIN TO FETCH ALL USERS DATA
REQUEST		Fetch All Users Data	1649942762889	1649942762889	KO	j.n.UnknownHostException: DOMAIN TO FETCH ALL USERS DATA
USER	FetchAllUsersDataSimulation	END	1649942762889
USER	FetchAllUsersDataSimulation	START	1649942762981
REQUEST		Load Login Page	1649942762983	1649942762983	KO	j.n.UnknownHostException: DOMAIN TO FETCH ALL USERS DATA
REQUEST		Customer Login Action	1649942762983	1649942762983	KO	j.n.UnknownHostException: DOMAIN TO FETCH ALL USERS DATA
REQUEST		Fetch All Users Data	1649942762984	1649942762984	KO	j.n.UnknownHostException: DOMAIN TO FETCH ALL USERS DATA
USER	FetchAllUsersDataSimulation	END	1649942762984
USER	FetchAllUsersDataSimulation	START	1649942763090
REQUEST		Load Login Page	1649942763091	1649942763091	KO	j.n.UnknownHostException: DOMAIN TO FETCH ALL USERS DATA
REQUEST		Customer Login Action	1649942763092	1649942763092	KO	j.n.UnknownHostException: DOMAIN TO FETCH ALL USERS DATA
REQUEST		Fetch All Users Data	1649942763092	1649942763093	KO	j.n.UnknownHostException: DOMAIN TO FETCH ALL USERS DATA
USER	FetchAllUsersDataSimulation	END	1649942763093
USER	FetchAllUsersDataSimulation	START	1649942763185
REQUEST		Load Login Page	1649942763185	1649942763185	KO	j.n.UnknownHostException: DOMAIN TO FETCH ALL USERS DATA
REQUEST		Customer Login Action	1649942763186	1649942763186	KO	j.n.UnknownHostException: DOMAIN TO FETCH ALL USERS DATA
REQUEST		Fetch All Users Data	1649942763186	1649942763186	KO	j.n.UnknownHostException: DOMAIN TO FETCH ALL USERS DATA
USER	FetchAllUsersDataSimulation	END	1649942763186
USER	FetchAllUsersDataSimulation	START	1649942763277
REQUEST		Load Login Page	1649942763279	1649942763279	KO	j.n.UnknownHostException: DOMAIN TO FETCH ALL USERS DATA
REQUEST		Customer Login Action	1649942763279	1649942763280	KO	j.n.UnknownHostException: DOMAIN TO FETCH ALL USERS DATA
REQUEST		Fetch All Users Data	1649942763280	1649942763280	KO	j.n.UnknownHostException: DOMAIN TO FETCH ALL USERS DATA
USER	FetchAllUsersDataSimulation	END	1649942763280
USER	FetchAllUsersDataSimulation	START	1649942763385
REQUEST		Load Login Page	1649942763386	1649942763386	KO	j.n.UnknownHostException: DOMAIN TO FETCH ALL USERS DATA
REQUEST		Customer Login Action	1649942763386	1649942763386	KO	j.n.UnknownHostException: DOMAIN TO FETCH ALL USERS DATA
REQUEST		Fetch All Users Data	1649942763386	1649942763387	KO	j.n.UnknownHostException: DOMAIN TO FETCH ALL USERS DATA
USER	FetchAllUsersDataSimulation	END	1649942763387
USER	FetchAllUsersDataSimulation	START	1649942763478
REQUEST		Load Login Page	1649942763478	1649942763479	KO	j.n.UnknownHostException: DOMAIN TO FETCH ALL USERS DATA
REQUEST		Customer Login Action	1649942763479	1649942763479	KO	j.n.UnknownHostException: DOMAIN TO FETCH ALL USERS DATA
REQUEST		Fetch All Users Data	1649942763479	1649942763479	KO	j.n.UnknownHostException: DOMAIN TO FETCH ALL USERS DATA
USER	FetchAllUsersDataSimulation	END	1649942763479
USER	FetchAllUsersDataSimulation	START	1649942763586
REQUEST		Load Login Page	1649942763586	1649942763586	KO	j.n.UnknownHostException: DOMAIN TO FETCH ALL USERS DATA
REQUEST		Customer Login Action	1649942763587	1649942763587	KO	j.n.UnknownHostException: DOMAIN TO FETCH ALL USERS DATA
REQUEST		Fetch All Users Data	1649942763587	1649942763587	KO	j.n.UnknownHostException: DOMAIN TO FETCH ALL USERS DATA
USER	FetchAllUsersDataSimulation	END	1649942763587
USER	FetchAllUsersDataSimulation	START	1649942763681
REQUEST		Load Login Page	1649942763681	1649942763681	KO	j.n.UnknownHostException: DOMAIN TO FETCH ALL USERS DATA
REQUEST		Customer Login Action	1649942763682	1649942763682	KO	j.n.UnknownHostException: DOMAIN TO FETCH ALL USERS DATA
REQUEST		Fetch All Users Data	1649942763682	1649942763682	KO	j.n.UnknownHostException: DOMAIN TO FETCH ALL USERS DATA
USER	FetchAllUsersDataSimulation	END	1649942763682
USER	FetchAllUsersDataSimulation	START	1649942763790
REQUEST		Load Login Page	1649942763790	1649942763791	KO	j.n.UnknownHostException: DOMAIN TO FETCH ALL USERS DATA
REQUEST		Customer Login Action	1649942763791	1649942763791	KO	j.n.UnknownHostException: DOMAIN TO FETCH ALL USERS DATA
REQUEST		Fetch All Users Data	1649942763791	1649942763791	KO	j.n.UnknownHostException: DOMAIN TO FETCH ALL USERS DATA
USER	FetchAllUsersDataSimulation	END	1649942763791
USER	FetchAllUsersDataSimulation	START	1649942763883
REQUEST		Load Login Page	1649942763883	1649942763883	KO	j.n.UnknownHostException: DOMAIN TO FETCH ALL USERS DATA
REQUEST		Customer Login Action	1649942763883	1649942763883	KO	j.n.UnknownHostException: DOMAIN TO FETCH ALL USERS DATA
REQUEST		Fetch All Users Data	1649942763884	1649942763884	KO	j.n.UnknownHostException: DOMAIN TO FETCH ALL USERS DATA
USER	FetchAllUsersDataSimulation	END	1649942763884
USER	FetchAllUsersDataSimulation	START	1649942763976
REQUEST		Load Login Page	1649942763976	1649942763976	KO	j.n.UnknownHostException: DOMAIN TO FETCH ALL USERS DATA
REQUEST		Customer Login Action	1649942763976	1649942763976	KO	j.n.UnknownHostException: DOMAIN TO FETCH ALL USERS DATA
REQUEST		Fetch All Users Data	1649942763977	1649942763977	KO	j.n.UnknownHostException: DOMAIN TO FETCH ALL USERS DATA
USER	FetchAllUsersDataSimulation	END	1649942763977
USER	FetchAllUsersDataSimulation	START	1649942764085
REQUEST		Load Login Page	1649942764086	1649942764086	KO	j.n.UnknownHostException: DOMAIN TO FETCH ALL USERS DATA
REQUEST		Customer Login Action	1649942764087	1649942764087	KO	j.n.UnknownHostException: DOMAIN TO FETCH ALL USERS DATA
REQUEST		Fetch All Users Data	1649942764087	1649942764088	KO	j.n.UnknownHostException: DOMAIN TO FETCH ALL USERS DATA
USER	FetchAllUsersDataSimulation	END	1649942764088
USER	FetchAllUsersDataSimulation	START	1649942764179
REQUEST		Load Login Page	1649942764180	1649942764180	KO	j.n.UnknownHostException: DOMAIN TO FETCH ALL USERS DATA
REQUEST		Customer Login Action	1649942764181	1649942764181	KO	j.n.UnknownHostException: DOMAIN TO FETCH ALL USERS DATA
REQUEST		Fetch All Users Data	1649942764182	1649942764182	KO	j.n.UnknownHostException: DOMAIN TO FETCH ALL USERS DATA
USER	FetchAllUsersDataSimulation	END	1649942764182
USER	FetchAllUsersDataSimulation	START	1649942764288
REQUEST		Load Login Page	1649942764288	1649942764288	KO	j.n.UnknownHostException: DOMAIN TO FETCH ALL USERS DATA
REQUEST		Customer Login Action	1649942764289	1649942764289	KO	j.n.UnknownHostException: DOMAIN TO FETCH ALL USERS DATA
REQUEST		Fetch All Users Data	1649942764289	1649942764289	KO	j.n.UnknownHostException: DOMAIN TO FETCH ALL USERS DATA
USER	FetchAllUsersDataSimulation	END	1649942764289
USER	FetchAllUsersDataSimulation	START	1649942764382
REQUEST		Load Login Page	1649942764382	1649942764382	KO	j.n.UnknownHostException: DOMAIN TO FETCH ALL USERS DATA
REQUEST		Customer Login Action	1649942764382	1649942764383	KO	j.n.UnknownHostException: DOMAIN TO FETCH ALL USERS DATA
REQUEST		Fetch All Users Data	1649942764383	1649942764383	KO	j.n.UnknownHostException: DOMAIN TO FETCH ALL USERS DATA
USER	FetchAllUsersDataSimulation	END	1649942764383
USER	FetchAllUsersDataSimulation	START	1649942764475
REQUEST		Load Login Page	1649942764476	1649942764476	KO	j.n.UnknownHostException: DOMAIN TO FETCH ALL USERS DATA
REQUEST		Customer Login Action	1649942764476	1649942764477	KO	j.n.UnknownHostException: DOMAIN TO FETCH ALL USERS DATA
REQUEST		Fetch All Users Data	1649942764477	1649942764477	KO	j.n.UnknownHostException: DOMAIN TO FETCH ALL USERS DATA
USER	FetchAllUsersDataSimulation	END	1649942764478
USER	FetchAllUsersDataSimulation	START	1649942764584
REQUEST		Load Login Page	1649942764585	1649942764585	KO	j.n.UnknownHostException: DOMAIN TO FETCH ALL USERS DATA
REQUEST		Customer Login Action	1649942764585	1649942764586	KO	j.n.UnknownHostException: DOMAIN TO FETCH ALL USERS DATA
REQUEST		Fetch All Users Data	1649942764586	1649942764586	KO	j.n.UnknownHostException: DOMAIN TO FETCH ALL USERS DATA
USER	FetchAllUsersDataSimulation	END	1649942764587
USER	FetchAllUsersDataSimulation	START	1649942764676
REQUEST		Load Login Page	1649942764677	1649942764677	KO	j.n.UnknownHostException: DOMAIN TO FETCH ALL USERS DATA
REQUEST		Customer Login Action	1649942764678	1649942764678	KO	j.n.UnknownHostException: DOMAIN TO FETCH ALL USERS DATA
REQUEST		Fetch All Users Data	1649942764678	1649942764679	KO	j.n.UnknownHostException: DOMAIN TO FETCH ALL USERS DATA
USER	FetchAllUsersDataSimulation	END	1649942764679
USER	FetchAllUsersDataSimulation	START	1649942764785
REQUEST		Load Login Page	1649942764786	1649942764786	KO	j.n.UnknownHostException: DOMAIN TO FETCH ALL USERS DATA
REQUEST		Customer Login Action	1649942764786	1649942764786	KO	j.n.UnknownHostException: DOMAIN TO FETCH ALL USERS DATA
REQUEST		Fetch All Users Data	1649942764786	1649942764786	KO	j.n.UnknownHostException: DOMAIN TO FETCH ALL USERS DATA
USER	FetchAllUsersDataSimulation	END	1649942764787
USER	FetchAllUsersDataSimulation	START	1649942764878
REQUEST		Load Login Page	1649942764879	1649942764879	KO	j.n.UnknownHostException: DOMAIN TO FETCH ALL USERS DATA
REQUEST		Customer Login Action	1649942764880	1649942764880	KO	j.n.UnknownHostException: DOMAIN TO FETCH ALL USERS DATA
REQUEST		Fetch All Users Data	1649942764880	1649942764880	KO	j.n.UnknownHostException: DOMAIN TO FETCH ALL USERS DATA
USER	FetchAllUsersDataSimulation	END	1649942764881
USER	FetchAllUsersDataSimulation	START	1649942764986
REQUEST		Load Login Page	1649942764987	1649942764987	KO	j.n.UnknownHostException: DOMAIN TO FETCH ALL USERS DATA
REQUEST		Customer Login Action	1649942764987	1649942764987	KO	j.n.UnknownHostException: DOMAIN TO FETCH ALL USERS DATA
REQUEST		Fetch All Users Data	1649942764987	1649942764987	KO	j.n.UnknownHostException: DOMAIN TO FETCH ALL USERS DATA
USER	FetchAllUsersDataSimulation	END	1649942764988
USER	FetchAllUsersDataSimulation	START	1649942765079
REQUEST		Load Login Page	1649942765080	1649942765080	KO	j.n.UnknownHostException: DOMAIN TO FETCH ALL USERS DATA
REQUEST		Customer Login Action	1649942765080	1649942765080	KO	j.n.UnknownHostException: DOMAIN TO FETCH ALL USERS DATA
REQUEST		Fetch All Users Data	1649942765080	1649942765080	KO	j.n.UnknownHostException: DOMAIN TO FETCH ALL USERS DATA
USER	FetchAllUsersDataSimulation	END	1649942765080
USER	FetchAllUsersDataSimulation	START	1649942765189
REQUEST		Load Login Page	1649942765190	1649942765190	KO	j.n.UnknownHostException: DOMAIN TO FETCH ALL USERS DATA
REQUEST		Customer Login Action	1649942765191	1649942765191	KO	j.n.UnknownHostException: DOMAIN TO FETCH ALL USERS DATA
REQUEST		Fetch All Users Data	1649942765191	1649942765191	KO	j.n.UnknownHostException: DOMAIN TO FETCH ALL USERS DATA
USER	FetchAllUsersDataSimulation	END	1649942765191
USER	FetchAllUsersDataSimulation	START	1649942765298
REQUEST		Load Login Page	1649942765299	1649942765299	KO	j.n.UnknownHostException: DOMAIN TO FETCH ALL USERS DATA
REQUEST		Customer Login Action	1649942765299	1649942765299	KO	j.n.UnknownHostException: DOMAIN TO FETCH ALL USERS DATA
REQUEST		Fetch All Users Data	1649942765299	1649942765299	KO	j.n.UnknownHostException: DOMAIN TO FETCH ALL USERS DATA
USER	FetchAllUsersDataSimulation	END	1649942765299
USER	FetchAllUsersDataSimulation	START	1649942765375
REQUEST		Load Login Page	1649942765376	1649942765376	KO	j.n.UnknownHostException: DOMAIN TO FETCH ALL USERS DATA
REQUEST		Customer Login Action	1649942765376	1649942765376	KO	j.n.UnknownHostException: DOMAIN TO FETCH ALL USERS DATA
REQUEST		Fetch All Users Data	1649942765376	1649942765376	KO	j.n.UnknownHostException: DOMAIN TO FETCH ALL USERS DATA
USER	FetchAllUsersDataSimulation	END	1649942765377
USER	FetchAllUsersDataSimulation	START	1649942765485
REQUEST		Load Login Page	1649942765486	1649942765486	KO	j.n.UnknownHostException: DOMAIN TO FETCH ALL USERS DATA
REQUEST		Customer Login Action	1649942765486	1649942765486	KO	j.n.UnknownHostException: DOMAIN TO FETCH ALL USERS DATA
REQUEST		Fetch All Users Data	1649942765487	1649942765487	KO	j.n.UnknownHostException: DOMAIN TO FETCH ALL USERS DATA
USER	FetchAllUsersDataSimulation	END	1649942765487
USER	FetchAllUsersDataSimulation	START	1649942765577
REQUEST		Load Login Page	1649942765578	1649942765578	KO	j.n.UnknownHostException: DOMAIN TO FETCH ALL USERS DATA
REQUEST		Customer Login Action	1649942765579	1649942765579	KO	j.n.UnknownHostException: DOMAIN TO FETCH ALL USERS DATA
REQUEST		Fetch All Users Data	1649942765579	1649942765579	KO	j.n.UnknownHostException: DOMAIN TO FETCH ALL USERS DATA
USER	FetchAllUsersDataSimulation	END	1649942765580
USER	FetchAllUsersDataSimulation	START	1649942765685
REQUEST		Load Login Page	1649942765686	1649942765686	KO	j.n.UnknownHostException: DOMAIN TO FETCH ALL USERS DATA
REQUEST		Customer Login Action	1649942765686	1649942765686	KO	j.n.UnknownHostException: DOMAIN TO FETCH ALL USERS DATA
REQUEST		Fetch All Users Data	1649942765687	1649942765687	KO	j.n.UnknownHostException: DOMAIN TO FETCH ALL USERS DATA
USER	FetchAllUsersDataSimulation	END	1649942765687
USER	FetchAllUsersDataSimulation	START	1649942765777
REQUEST		Load Login Page	1649942765777	1649942765777	KO	j.n.UnknownHostException: DOMAIN TO FETCH ALL USERS DATA
REQUEST		Customer Login Action	1649942765777	1649942765778	KO	j.n.UnknownHostException: DOMAIN TO FETCH ALL USERS DATA
REQUEST		Fetch All Users Data	1649942765778	1649942765778	KO	j.n.UnknownHostException: DOMAIN TO FETCH ALL USERS DATA
USER	FetchAllUsersDataSimulation	END	1649942765778
USER	FetchAllUsersDataSimulation	START	1649942765886
REQUEST		Load Login Page	1649942765887	1649942765887	KO	j.n.UnknownHostException: DOMAIN TO FETCH ALL USERS DATA
REQUEST		Customer Login Action	1649942765888	1649942765888	KO	j.n.UnknownHostException: DOMAIN TO FETCH ALL USERS DATA
REQUEST		Fetch All Users Data	1649942765888	1649942765888	KO	j.n.UnknownHostException: DOMAIN TO FETCH ALL USERS DATA
USER	FetchAllUsersDataSimulation	END	1649942765889
USER	FetchAllUsersDataSimulation	START	1649942765979
REQUEST		Load Login Page	1649942765980	1649942765980	KO	j.n.UnknownHostException: DOMAIN TO FETCH ALL USERS DATA
REQUEST		Customer Login Action	1649942765980	1649942765980	KO	j.n.UnknownHostException: DOMAIN TO FETCH ALL USERS DATA
REQUEST		Fetch All Users Data	1649942765981	1649942765981	KO	j.n.UnknownHostException: DOMAIN TO FETCH ALL USERS DATA
USER	FetchAllUsersDataSimulation	END	1649942765981
USER	FetchAllUsersDataSimulation	START	1649942766087
REQUEST		Load Login Page	1649942766087	1649942766087	KO	j.n.UnknownHostException: DOMAIN TO FETCH ALL USERS DATA
REQUEST		Customer Login Action	1649942766087	1649942766087	KO	j.n.UnknownHostException: DOMAIN TO FETCH ALL USERS DATA
REQUEST		Fetch All Users Data	1649942766087	1649942766087	KO	j.n.UnknownHostException: DOMAIN TO FETCH ALL USERS DATA
USER	FetchAllUsersDataSimulation	END	1649942766088
USER	FetchAllUsersDataSimulation	START	1649942766180
REQUEST		Load Login Page	1649942766181	1649942766181	KO	j.n.UnknownHostException: DOMAIN TO FETCH ALL USERS DATA
REQUEST		Customer Login Action	1649942766182	1649942766182	KO	j.n.UnknownHostException: DOMAIN TO FETCH ALL USERS DATA
REQUEST		Fetch All Users Data	1649942766182	1649942766182	KO	j.n.UnknownHostException: DOMAIN TO FETCH ALL USERS DATA
USER	FetchAllUsersDataSimulation	END	1649942766183
USER	FetchAllUsersDataSimulation	START	1649942766289
REQUEST		Load Login Page	1649942766290	1649942766290	KO	j.n.UnknownHostException: DOMAIN TO FETCH ALL USERS DATA
REQUEST		Customer Login Action	1649942766290	1649942766291	KO	j.n.UnknownHostException: DOMAIN TO FETCH ALL USERS DATA
REQUEST		Fetch All Users Data	1649942766291	1649942766291	KO	j.n.UnknownHostException: DOMAIN TO FETCH ALL USERS DATA
USER	FetchAllUsersDataSimulation	END	1649942766291
USER	FetchAllUsersDataSimulation	START	1649942766382
REQUEST		Load Login Page	1649942766383	1649942766383	KO	j.n.UnknownHostException: DOMAIN TO FETCH ALL USERS DATA
REQUEST		Customer Login Action	1649942766384	1649942766384	KO	j.n.UnknownHostException: DOMAIN TO FETCH ALL USERS DATA
REQUEST		Fetch All Users Data	1649942766384	1649942766384	KO	j.n.UnknownHostException: DOMAIN TO FETCH ALL USERS DATA
USER	FetchAllUsersDataSimulation	END	1649942766385
USER	FetchAllUsersDataSimulation	START	1649942766476
REQUEST		Load Login Page	1649942766477	1649942766477	KO	j.n.UnknownHostException: DOMAIN TO FETCH ALL USERS DATA
REQUEST		Customer Login Action	1649942766477	1649942766478	KO	j.n.UnknownHostException: DOMAIN TO FETCH ALL USERS DATA
REQUEST		Fetch All Users Data	1649942766478	1649942766478	KO	j.n.UnknownHostException: DOMAIN TO FETCH ALL USERS DATA
USER	FetchAllUsersDataSimulation	END	1649942766478
USER	FetchAllUsersDataSimulation	START	1649942766584
REQUEST		Load Login Page	1649942766585	1649942766586	KO	j.n.UnknownHostException: DOMAIN TO FETCH ALL USERS DATA
REQUEST		Customer Login Action	1649942766586	1649942766586	KO	j.n.UnknownHostException: DOMAIN TO FETCH ALL USERS DATA
REQUEST		Fetch All Users Data	1649942766587	1649942766587	KO	j.n.UnknownHostException: DOMAIN TO FETCH ALL USERS DATA
USER	FetchAllUsersDataSimulation	END	1649942766587
USER	FetchAllUsersDataSimulation	START	1649942766678
REQUEST		Load Login Page	1649942766679	1649942766680	KO	j.n.UnknownHostException: DOMAIN TO FETCH ALL USERS DATA
REQUEST		Customer Login Action	1649942766680	1649942766680	KO	j.n.UnknownHostException: DOMAIN TO FETCH ALL USERS DATA
REQUEST		Fetch All Users Data	1649942766681	1649942766681	KO	j.n.UnknownHostException: DOMAIN TO FETCH ALL USERS DATA
USER	FetchAllUsersDataSimulation	END	1649942766681
USER	FetchAllUsersDataSimulation	START	1649942766786
REQUEST		Load Login Page	1649942766787	1649942766787	KO	j.n.UnknownHostException: DOMAIN TO FETCH ALL USERS DATA
REQUEST		Customer Login Action	1649942766787	1649942766787	KO	j.n.UnknownHostException: DOMAIN TO FETCH ALL USERS DATA
REQUEST		Fetch All Users Data	1649942766787	1649942766787	KO	j.n.UnknownHostException: DOMAIN TO FETCH ALL USERS DATA
USER	FetchAllUsersDataSimulation	END	1649942766787
USER	FetchAllUsersDataSimulation	START	1649942766880
REQUEST		Load Login Page	1649942766881	1649942766881	KO	j.n.UnknownHostException: DOMAIN TO FETCH ALL USERS DATA
REQUEST		Customer Login Action	1649942766882	1649942766882	KO	j.n.UnknownHostException: DOMAIN TO FETCH ALL USERS DATA
REQUEST		Fetch All Users Data	1649942766882	1649942766883	KO	j.n.UnknownHostException: DOMAIN TO FETCH ALL USERS DATA
USER	FetchAllUsersDataSimulation	END	1649942766883
USER	FetchAllUsersDataSimulation	START	1649942766990
REQUEST		Load Login Page	1649942766991	1649942766991	KO	j.n.UnknownHostException: DOMAIN TO FETCH ALL USERS DATA
REQUEST		Customer Login Action	1649942766991	1649942766992	KO	j.n.UnknownHostException: DOMAIN TO FETCH ALL USERS DATA
REQUEST		Fetch All Users Data	1649942766992	1649942766992	KO	j.n.UnknownHostException: DOMAIN TO FETCH ALL USERS DATA
USER	FetchAllUsersDataSimulation	END	1649942766992
USER	FetchAllUsersDataSimulation	START	1649942767083
REQUEST		Load Login Page	1649942767084	1649942767084	KO	j.n.UnknownHostException: DOMAIN TO FETCH ALL USERS DATA
REQUEST		Customer Login Action	1649942767084	1649942767084	KO	j.n.UnknownHostException: DOMAIN TO FETCH ALL USERS DATA
REQUEST		Fetch All Users Data	1649942767085	1649942767085	KO	j.n.UnknownHostException: DOMAIN TO FETCH ALL USERS DATA
USER	FetchAllUsersDataSimulation	END	1649942767085
USER	FetchAllUsersDataSimulation	START	1649942767175
REQUEST		Load Login Page	1649942767177	1649942767177	KO	j.n.UnknownHostException: DOMAIN TO FETCH ALL USERS DATA
REQUEST		Customer Login Action	1649942767177	1649942767177	KO	j.n.UnknownHostException: DOMAIN TO FETCH ALL USERS DATA
REQUEST		Fetch All Users Data	1649942767178	1649942767178	KO	j.n.UnknownHostException: DOMAIN TO FETCH ALL USERS DATA
USER	FetchAllUsersDataSimulation	END	1649942767178
USER	FetchAllUsersDataSimulation	START	1649942767284
REQUEST		Load Login Page	1649942767285	1649942767285	KO	j.n.UnknownHostException: DOMAIN TO FETCH ALL USERS DATA
REQUEST		Customer Login Action	1649942767286	1649942767286	KO	j.n.UnknownHostException: DOMAIN TO FETCH ALL USERS DATA
REQUEST		Fetch All Users Data	1649942767286	1649942767286	KO	j.n.UnknownHostException: DOMAIN TO FETCH ALL USERS DATA
USER	FetchAllUsersDataSimulation	END	1649942767287
USER	FetchAllUsersDataSimulation	START	1649942767378
REQUEST		Load Login Page	1649942767379	1649942767379	KO	j.n.UnknownHostException: DOMAIN TO FETCH ALL USERS DATA
REQUEST		Customer Login Action	1649942767379	1649942767379	KO	j.n.UnknownHostException: DOMAIN TO FETCH ALL USERS DATA
REQUEST		Fetch All Users Data	1649942767380	1649942767380	KO	j.n.UnknownHostException: DOMAIN TO FETCH ALL USERS DATA
USER	FetchAllUsersDataSimulation	END	1649942767380
USER	FetchAllUsersDataSimulation	START	1649942767486
REQUEST		Load Login Page	1649942767486	1649942767486	KO	j.n.UnknownHostException: DOMAIN TO FETCH ALL USERS DATA
REQUEST		Customer Login Action	1649942767487	1649942767487	KO	j.n.UnknownHostException: DOMAIN TO FETCH ALL USERS DATA
REQUEST		Fetch All Users Data	1649942767487	1649942767487	KO	j.n.UnknownHostException: DOMAIN TO FETCH ALL USERS DATA
USER	FetchAllUsersDataSimulation	END	1649942767487
USER	FetchAllUsersDataSimulation	START	1649942767579
REQUEST		Load Login Page	1649942767580	1649942767580	KO	j.n.UnknownHostException: DOMAIN TO FETCH ALL USERS DATA
REQUEST		Customer Login Action	1649942767580	1649942767580	KO	j.n.UnknownHostException: DOMAIN TO FETCH ALL USERS DATA
REQUEST		Fetch All Users Data	1649942767580	1649942767580	KO	j.n.UnknownHostException: DOMAIN TO FETCH ALL USERS DATA
USER	FetchAllUsersDataSimulation	END	1649942767581
USER	FetchAllUsersDataSimulation	START	1649942767689
REQUEST		Load Login Page	1649942767689	1649942767689	KO	j.n.UnknownHostException: DOMAIN TO FETCH ALL USERS DATA
REQUEST		Customer Login Action	1649942767689	1649942767689	KO	j.n.UnknownHostException: DOMAIN TO FETCH ALL USERS DATA
REQUEST		Fetch All Users Data	1649942767690	1649942767690	KO	j.n.UnknownHostException: DOMAIN TO FETCH ALL USERS DATA
USER	FetchAllUsersDataSimulation	END	1649942767690
USER	FetchAllUsersDataSimulation	START	1649942767781
REQUEST		Load Login Page	1649942767781	1649942767781	KO	j.n.UnknownHostException: DOMAIN TO FETCH ALL USERS DATA
REQUEST		Customer Login Action	1649942767781	1649942767781	KO	j.n.UnknownHostException: DOMAIN TO FETCH ALL USERS DATA
REQUEST		Fetch All Users Data	1649942767782	1649942767782	KO	j.n.UnknownHostException: DOMAIN TO FETCH ALL USERS DATA
USER	FetchAllUsersDataSimulation	END	1649942767782
USER	FetchAllUsersDataSimulation	START	1649942767877
REQUEST		Load Login Page	1649942767877	1649942767877	KO	j.n.UnknownHostException: DOMAIN TO FETCH ALL USERS DATA
REQUEST		Customer Login Action	1649942767878	1649942767878	KO	j.n.UnknownHostException: DOMAIN TO FETCH ALL USERS DATA
REQUEST		Fetch All Users Data	1649942767878	1649942767878	KO	j.n.UnknownHostException: DOMAIN TO FETCH ALL USERS DATA
USER	FetchAllUsersDataSimulation	END	1649942767878
USER	FetchAllUsersDataSimulation	START	1649942767986
REQUEST		Load Login Page	1649942767987	1649942767987	KO	j.n.UnknownHostException: DOMAIN TO FETCH ALL USERS DATA
REQUEST		Customer Login Action	1649942767988	1649942767988	KO	j.n.UnknownHostException: DOMAIN TO FETCH ALL USERS DATA
REQUEST		Fetch All Users Data	1649942767988	1649942767988	KO	j.n.UnknownHostException: DOMAIN TO FETCH ALL USERS DATA
USER	FetchAllUsersDataSimulation	END	1649942767988
USER	FetchAllUsersDataSimulation	START	1649942768081
REQUEST		Load Login Page	1649942768082	1649942768082	KO	j.n.UnknownHostException: DOMAIN TO FETCH ALL USERS DATA
REQUEST		Customer Login Action	1649942768083	1649942768083	KO	j.n.UnknownHostException: DOMAIN TO FETCH ALL USERS DATA
REQUEST		Fetch All Users Data	1649942768083	1649942768084	KO	j.n.UnknownHostException: DOMAIN TO FETCH ALL USERS DATA
USER	FetchAllUsersDataSimulation	END	1649942768084
USER	FetchAllUsersDataSimulation	START	1649942768189
REQUEST		Load Login Page	1649942768189	1649942768189	KO	j.n.UnknownHostException: DOMAIN TO FETCH ALL USERS DATA
REQUEST		Customer Login Action	1649942768189	1649942768189	KO	j.n.UnknownHostException: DOMAIN TO FETCH ALL USERS DATA
REQUEST		Fetch All Users Data	1649942768190	1649942768190	KO	j.n.UnknownHostException: DOMAIN TO FETCH ALL USERS DATA
USER	FetchAllUsersDataSimulation	END	1649942768190
USER	FetchAllUsersDataSimulation	START	1649942768281
REQUEST		Load Login Page	1649942768281	1649942768282	KO	j.n.UnknownHostException: No such host is known (DOMAIN TO FETCH ALL USERS DATA)
REQUEST		Customer Login Action	1649942768282	1649942768282	KO	j.n.UnknownHostException: DOMAIN TO FETCH ALL USERS DATA
REQUEST		Fetch All Users Data	1649942768282	1649942768283	KO	j.n.UnknownHostException: DOMAIN TO FETCH ALL USERS DATA
USER	FetchAllUsersDataSimulation	END	1649942768283
USER	FetchAllUsersDataSimulation	START	1649942768374
REQUEST		Load Login Page	1649942768375	1649942768375	KO	j.n.UnknownHostException: DOMAIN TO FETCH ALL USERS DATA
REQUEST		Customer Login Action	1649942768375	1649942768375	KO	j.n.UnknownHostException: DOMAIN TO FETCH ALL USERS DATA
REQUEST		Fetch All Users Data	1649942768376	1649942768376	KO	j.n.UnknownHostException: DOMAIN TO FETCH ALL USERS DATA
USER	FetchAllUsersDataSimulation	END	1649942768376
USER	FetchAllUsersDataSimulation	START	1649942768484
REQUEST		Load Login Page	1649942768485	1649942768485	KO	j.n.UnknownHostException: DOMAIN TO FETCH ALL USERS DATA
REQUEST		Customer Login Action	1649942768486	1649942768486	KO	j.n.UnknownHostException: DOMAIN TO FETCH ALL USERS DATA
REQUEST		Fetch All Users Data	1649942768486	1649942768486	KO	j.n.UnknownHostException: DOMAIN TO FETCH ALL USERS DATA
USER	FetchAllUsersDataSimulation	END	1649942768487
USER	FetchAllUsersDataSimulation	START	1649942768577
REQUEST		Load Login Page	1649942768578	1649942768578	KO	j.n.UnknownHostException: DOMAIN TO FETCH ALL USERS DATA
REQUEST		Customer Login Action	1649942768579	1649942768579	KO	j.n.UnknownHostException: DOMAIN TO FETCH ALL USERS DATA
REQUEST		Fetch All Users Data	1649942768579	1649942768580	KO	j.n.UnknownHostException: DOMAIN TO FETCH ALL USERS DATA
USER	FetchAllUsersDataSimulation	END	1649942768580
USER	FetchAllUsersDataSimulation	START	1649942768686
REQUEST		Load Login Page	1649942768687	1649942768687	KO	j.n.UnknownHostException: DOMAIN TO FETCH ALL USERS DATA
REQUEST		Customer Login Action	1649942768687	1649942768687	KO	j.n.UnknownHostException: DOMAIN TO FETCH ALL USERS DATA
REQUEST		Fetch All Users Data	1649942768688	1649942768688	KO	j.n.UnknownHostException: DOMAIN TO FETCH ALL USERS DATA
USER	FetchAllUsersDataSimulation	END	1649942768688
USER	FetchAllUsersDataSimulation	START	1649942768778
REQUEST		Load Login Page	1649942768779	1649942768779	KO	j.n.UnknownHostException: DOMAIN TO FETCH ALL USERS DATA
REQUEST		Customer Login Action	1649942768779	1649942768779	KO	j.n.UnknownHostException: DOMAIN TO FETCH ALL USERS DATA
REQUEST		Fetch All Users Data	1649942768779	1649942768779	KO	j.n.UnknownHostException: DOMAIN TO FETCH ALL USERS DATA
USER	FetchAllUsersDataSimulation	END	1649942768779
USER	FetchAllUsersDataSimulation	START	1649942768887
REQUEST		Load Login Page	1649942768888	1649942768888	KO	j.n.UnknownHostException: DOMAIN TO FETCH ALL USERS DATA
REQUEST		Customer Login Action	1649942768889	1649942768889	KO	j.n.UnknownHostException: DOMAIN TO FETCH ALL USERS DATA
REQUEST		Fetch All Users Data	1649942768889	1649942768889	KO	j.n.UnknownHostException: DOMAIN TO FETCH ALL USERS DATA
USER	FetchAllUsersDataSimulation	END	1649942768890
USER	FetchAllUsersDataSimulation	START	1649942768981
REQUEST		Load Login Page	1649942768981	1649942768981	KO	j.n.UnknownHostException: DOMAIN TO FETCH ALL USERS DATA
REQUEST		Customer Login Action	1649942768981	1649942768982	KO	j.n.UnknownHostException: DOMAIN TO FETCH ALL USERS DATA
REQUEST		Fetch All Users Data	1649942768982	1649942768982	KO	j.n.UnknownHostException: DOMAIN TO FETCH ALL USERS DATA
USER	FetchAllUsersDataSimulation	END	1649942768982
USER	FetchAllUsersDataSimulation	START	1649942769088
REQUEST		Load Login Page	1649942769088	1649942769088	KO	j.n.UnknownHostException: DOMAIN TO FETCH ALL USERS DATA
REQUEST		Customer Login Action	1649942769089	1649942769089	KO	j.n.UnknownHostException: DOMAIN TO FETCH ALL USERS DATA
REQUEST		Fetch All Users Data	1649942769089	1649942769089	KO	j.n.UnknownHostException: DOMAIN TO FETCH ALL USERS DATA
USER	FetchAllUsersDataSimulation	END	1649942769089
USER	FetchAllUsersDataSimulation	START	1649942769182
REQUEST		Load Login Page	1649942769183	1649942769183	KO	j.n.UnknownHostException: DOMAIN TO FETCH ALL USERS DATA
REQUEST		Customer Login Action	1649942769183	1649942769183	KO	j.n.UnknownHostException: DOMAIN TO FETCH ALL USERS DATA
REQUEST		Fetch All Users Data	1649942769183	1649942769183	KO	j.n.UnknownHostException: DOMAIN TO FETCH ALL USERS DATA
USER	FetchAllUsersDataSimulation	END	1649942769183
USER	FetchAllUsersDataSimulation	START	1649942769276
REQUEST		Load Login Page	1649942769277	1649942769277	KO	j.n.UnknownHostException: DOMAIN TO FETCH ALL USERS DATA
REQUEST		Customer Login Action	1649942769277	1649942769277	KO	j.n.UnknownHostException: DOMAIN TO FETCH ALL USERS DATA
REQUEST		Fetch All Users Data	1649942769278	1649942769278	KO	j.n.UnknownHostException: DOMAIN TO FETCH ALL USERS DATA
USER	FetchAllUsersDataSimulation	END	1649942769278
USER	FetchAllUsersDataSimulation	START	1649942769384
REQUEST		Load Login Page	1649942769385	1649942769386	KO	j.n.UnknownHostException: DOMAIN TO FETCH ALL USERS DATA
REQUEST		Customer Login Action	1649942769386	1649942769386	KO	j.n.UnknownHostException: DOMAIN TO FETCH ALL USERS DATA
REQUEST		Fetch All Users Data	1649942769386	1649942769387	KO	j.n.UnknownHostException: DOMAIN TO FETCH ALL USERS DATA
USER	FetchAllUsersDataSimulation	END	1649942769387
USER	FetchAllUsersDataSimulation	START	1649942769478
REQUEST		Load Login Page	1649942769479	1649942769480	KO	j.n.UnknownHostException: DOMAIN TO FETCH ALL USERS DATA
REQUEST		Customer Login Action	1649942769480	1649942769480	KO	j.n.UnknownHostException: DOMAIN TO FETCH ALL USERS DATA
REQUEST		Fetch All Users Data	1649942769480	1649942769481	KO	j.n.UnknownHostException: DOMAIN TO FETCH ALL USERS DATA
USER	FetchAllUsersDataSimulation	END	1649942769481
USER	FetchAllUsersDataSimulation	START	1649942769588
REQUEST		Load Login Page	1649942769588	1649942769589	KO	j.n.UnknownHostException: DOMAIN TO FETCH ALL USERS DATA
REQUEST		Customer Login Action	1649942769589	1649942769589	KO	j.n.UnknownHostException: DOMAIN TO FETCH ALL USERS DATA
REQUEST		Fetch All Users Data	1649942769590	1649942769590	KO	j.n.UnknownHostException: DOMAIN TO FETCH ALL USERS DATA
USER	FetchAllUsersDataSimulation	END	1649942769590
USER	FetchAllUsersDataSimulation	START	1649942769680
REQUEST		Load Login Page	1649942769680	1649942769680	KO	j.n.UnknownHostException: DOMAIN TO FETCH ALL USERS DATA
REQUEST		Customer Login Action	1649942769681	1649942769681	KO	j.n.UnknownHostException: DOMAIN TO FETCH ALL USERS DATA
REQUEST		Fetch All Users Data	1649942769681	1649942769681	KO	j.n.UnknownHostException: DOMAIN TO FETCH ALL USERS DATA
USER	FetchAllUsersDataSimulation	END	1649942769681
USER	FetchAllUsersDataSimulation	START	1649942769789
REQUEST		Load Login Page	1649942769789	1649942769789	KO	j.n.UnknownHostException: DOMAIN TO FETCH ALL USERS DATA
REQUEST		Customer Login Action	1649942769789	1649942769789	KO	j.n.UnknownHostException: DOMAIN TO FETCH ALL USERS DATA
REQUEST		Fetch All Users Data	1649942769789	1649942769789	KO	j.n.UnknownHostException: DOMAIN TO FETCH ALL USERS DATA
USER	FetchAllUsersDataSimulation	END	1649942769789
USER	FetchAllUsersDataSimulation	START	1649942769880
REQUEST		Load Login Page	1649942769881	1649942769881	KO	j.n.UnknownHostException: DOMAIN TO FETCH ALL USERS DATA
REQUEST		Customer Login Action	1649942769881	1649942769881	KO	j.n.UnknownHostException: DOMAIN TO FETCH ALL USERS DATA
REQUEST		Fetch All Users Data	1649942769881	1649942769881	KO	j.n.UnknownHostException: DOMAIN TO FETCH ALL USERS DATA
USER	FetchAllUsersDataSimulation	END	1649942769882
USER	FetchAllUsersDataSimulation	START	1649942769989
REQUEST		Load Login Page	1649942769990	1649942769990	KO	j.n.UnknownHostException: DOMAIN TO FETCH ALL USERS DATA
REQUEST		Customer Login Action	1649942769990	1649942769990	KO	j.n.UnknownHostException: DOMAIN TO FETCH ALL USERS DATA
REQUEST		Fetch All Users Data	1649942769990	1649942769990	KO	j.n.UnknownHostException: DOMAIN TO FETCH ALL USERS DATA
USER	FetchAllUsersDataSimulation	END	1649942769990
USER	FetchAllUsersDataSimulation	START	1649942770083
REQUEST		Load Login Page	1649942770083	1649942770083	KO	j.n.UnknownHostException: DOMAIN TO FETCH ALL USERS DATA
REQUEST		Customer Login Action	1649942770084	1649942770084	KO	j.n.UnknownHostException: DOMAIN TO FETCH ALL USERS DATA
REQUEST		Fetch All Users Data	1649942770084	1649942770084	KO	j.n.UnknownHostException: DOMAIN TO FETCH ALL USERS DATA
USER	FetchAllUsersDataSimulation	END	1649942770084
USER	FetchAllUsersDataSimulation	START	1649942770176
REQUEST		Load Login Page	1649942770176	1649942770177	KO	j.n.UnknownHostException: DOMAIN TO FETCH ALL USERS DATA
REQUEST		Customer Login Action	1649942770177	1649942770177	KO	j.n.UnknownHostException: DOMAIN TO FETCH ALL USERS DATA
REQUEST		Fetch All Users Data	1649942770177	1649942770177	KO	j.n.UnknownHostException: DOMAIN TO FETCH ALL USERS DATA
USER	FetchAllUsersDataSimulation	END	1649942770177
USER	FetchAllUsersDataSimulation	START	1649942770285
REQUEST		Load Login Page	1649942770285	1649942770285	KO	j.n.UnknownHostException: DOMAIN TO FETCH ALL USERS DATA
REQUEST		Customer Login Action	1649942770285	1649942770286	KO	j.n.UnknownHostException: DOMAIN TO FETCH ALL USERS DATA
REQUEST		Fetch All Users Data	1649942770286	1649942770286	KO	j.n.UnknownHostException: DOMAIN TO FETCH ALL USERS DATA
USER	FetchAllUsersDataSimulation	END	1649942770286
USER	FetchAllUsersDataSimulation	START	1649942770377
REQUEST		Load Login Page	1649942770378	1649942770378	KO	j.n.UnknownHostException: DOMAIN TO FETCH ALL USERS DATA
REQUEST		Customer Login Action	1649942770378	1649942770378	KO	j.n.UnknownHostException: DOMAIN TO FETCH ALL USERS DATA
REQUEST		Fetch All Users Data	1649942770378	1649942770378	KO	j.n.UnknownHostException: DOMAIN TO FETCH ALL USERS DATA
USER	FetchAllUsersDataSimulation	END	1649942770379
USER	FetchAllUsersDataSimulation	START	1649942770485
REQUEST		Load Login Page	1649942770486	1649942770486	KO	j.n.UnknownHostException: DOMAIN TO FETCH ALL USERS DATA
REQUEST		Customer Login Action	1649942770486	1649942770486	KO	j.n.UnknownHostException: DOMAIN TO FETCH ALL USERS DATA
REQUEST		Fetch All Users Data	1649942770486	1649942770486	KO	j.n.UnknownHostException: DOMAIN TO FETCH ALL USERS DATA
USER	FetchAllUsersDataSimulation	END	1649942770486
USER	FetchAllUsersDataSimulation	START	1649942770579
REQUEST		Load Login Page	1649942770580	1649942770580	KO	j.n.UnknownHostException: DOMAIN TO FETCH ALL USERS DATA
REQUEST		Customer Login Action	1649942770581	1649942770581	KO	j.n.UnknownHostException: DOMAIN TO FETCH ALL USERS DATA
REQUEST		Fetch All Users Data	1649942770581	1649942770581	KO	j.n.UnknownHostException: DOMAIN TO FETCH ALL USERS DATA
USER	FetchAllUsersDataSimulation	END	1649942770581
USER	FetchAllUsersDataSimulation	START	1649942770687
REQUEST		Load Login Page	1649942770687	1649942770687	KO	j.n.UnknownHostException: DOMAIN TO FETCH ALL USERS DATA
REQUEST		Customer Login Action	1649942770687	1649942770687	KO	j.n.UnknownHostException: DOMAIN TO FETCH ALL USERS DATA
REQUEST		Fetch All Users Data	1649942770687	1649942770687	KO	j.n.UnknownHostException: DOMAIN TO FETCH ALL USERS DATA
USER	FetchAllUsersDataSimulation	END	1649942770688
USER	FetchAllUsersDataSimulation	START	1649942770781
REQUEST		Load Login Page	1649942770782	1649942770782	KO	j.n.UnknownHostException: DOMAIN TO FETCH ALL USERS DATA
REQUEST		Customer Login Action	1649942770783	1649942770783	KO	j.n.UnknownHostException: DOMAIN TO FETCH ALL USERS DATA
REQUEST		Fetch All Users Data	1649942770783	1649942770784	KO	j.n.UnknownHostException: DOMAIN TO FETCH ALL USERS DATA
USER	FetchAllUsersDataSimulation	END	1649942770784
USER	FetchAllUsersDataSimulation	START	1649942770874
REQUEST		Load Login Page	1649942770875	1649942770876	KO	j.n.UnknownHostException: DOMAIN TO FETCH ALL USERS DATA
REQUEST		Customer Login Action	1649942770876	1649942770876	KO	j.n.UnknownHostException: DOMAIN TO FETCH ALL USERS DATA
REQUEST		Fetch All Users Data	1649942770876	1649942770877	KO	j.n.UnknownHostException: DOMAIN TO FETCH ALL USERS DATA
USER	FetchAllUsersDataSimulation	END	1649942770877
USER	FetchAllUsersDataSimulation	START	1649942770983
REQUEST		Load Login Page	1649942770984	1649942770984	KO	j.n.UnknownHostException: DOMAIN TO FETCH ALL USERS DATA
REQUEST		Customer Login Action	1649942770984	1649942770984	KO	j.n.UnknownHostException: DOMAIN TO FETCH ALL USERS DATA
REQUEST		Fetch All Users Data	1649942770985	1649942770985	KO	j.n.UnknownHostException: DOMAIN TO FETCH ALL USERS DATA
USER	FetchAllUsersDataSimulation	END	1649942770985
USER	FetchAllUsersDataSimulation	START	1649942771075
REQUEST		Load Login Page	1649942771076	1649942771076	KO	j.n.UnknownHostException: DOMAIN TO FETCH ALL USERS DATA
REQUEST		Customer Login Action	1649942771076	1649942771076	KO	j.n.UnknownHostException: DOMAIN TO FETCH ALL USERS DATA
REQUEST		Fetch All Users Data	1649942771076	1649942771076	KO	j.n.UnknownHostException: DOMAIN TO FETCH ALL USERS DATA
USER	FetchAllUsersDataSimulation	END	1649942771076
USER	FetchAllUsersDataSimulation	START	1649942771183
REQUEST		Load Login Page	1649942771183	1649942771183	KO	j.n.UnknownHostException: DOMAIN TO FETCH ALL USERS DATA
REQUEST		Customer Login Action	1649942771183	1649942771183	KO	j.n.UnknownHostException: DOMAIN TO FETCH ALL USERS DATA
REQUEST		Fetch All Users Data	1649942771183	1649942771183	KO	j.n.UnknownHostException: DOMAIN TO FETCH ALL USERS DATA
USER	FetchAllUsersDataSimulation	END	1649942771184
USER	FetchAllUsersDataSimulation	START	1649942771277
REQUEST		Load Login Page	1649942771278	1649942771278	KO	j.n.UnknownHostException: DOMAIN TO FETCH ALL USERS DATA
REQUEST		Customer Login Action	1649942771278	1649942771278	KO	j.n.UnknownHostException: DOMAIN TO FETCH ALL USERS DATA
REQUEST		Fetch All Users Data	1649942771278	1649942771278	KO	j.n.UnknownHostException: DOMAIN TO FETCH ALL USERS DATA
USER	FetchAllUsersDataSimulation	END	1649942771279
USER	FetchAllUsersDataSimulation	START	1649942771385
REQUEST		Load Login Page	1649942771386	1649942771386	KO	j.n.UnknownHostException: DOMAIN TO FETCH ALL USERS DATA
REQUEST		Customer Login Action	1649942771386	1649942771386	KO	j.n.UnknownHostException: DOMAIN TO FETCH ALL USERS DATA
REQUEST		Fetch All Users Data	1649942771387	1649942771387	KO	j.n.UnknownHostException: DOMAIN TO FETCH ALL USERS DATA
USER	FetchAllUsersDataSimulation	END	1649942771387
USER	FetchAllUsersDataSimulation	START	1649942771477
REQUEST		Load Login Page	1649942771478	1649942771478	KO	j.n.UnknownHostException: DOMAIN TO FETCH ALL USERS DATA
REQUEST		Customer Login Action	1649942771479	1649942771479	KO	j.n.UnknownHostException: DOMAIN TO FETCH ALL USERS DATA
REQUEST		Fetch All Users Data	1649942771479	1649942771479	KO	j.n.UnknownHostException: DOMAIN TO FETCH ALL USERS DATA
USER	FetchAllUsersDataSimulation	END	1649942771480
USER	FetchAllUsersDataSimulation	START	1649942771585
REQUEST		Load Login Page	1649942771586	1649942771586	KO	j.n.UnknownHostException: DOMAIN TO FETCH ALL USERS DATA
REQUEST		Customer Login Action	1649942771586	1649942771587	KO	j.n.UnknownHostException: DOMAIN TO FETCH ALL USERS DATA
REQUEST		Fetch All Users Data	1649942771587	1649942771587	KO	j.n.UnknownHostException: DOMAIN TO FETCH ALL USERS DATA
USER	FetchAllUsersDataSimulation	END	1649942771587
USER	FetchAllUsersDataSimulation	START	1649942771678
REQUEST		Load Login Page	1649942771679	1649942771679	KO	j.n.UnknownHostException: DOMAIN TO FETCH ALL USERS DATA
REQUEST		Customer Login Action	1649942771679	1649942771679	KO	j.n.UnknownHostException: DOMAIN TO FETCH ALL USERS DATA
REQUEST		Fetch All Users Data	1649942771680	1649942771680	KO	j.n.UnknownHostException: DOMAIN TO FETCH ALL USERS DATA
USER	FetchAllUsersDataSimulation	END	1649942771680
USER	FetchAllUsersDataSimulation	START	1649942771786
REQUEST		Load Login Page	1649942771786	1649942771787	KO	j.n.UnknownHostException: DOMAIN TO FETCH ALL USERS DATA
REQUEST		Customer Login Action	1649942771787	1649942771787	KO	j.n.UnknownHostException: DOMAIN TO FETCH ALL USERS DATA
REQUEST		Fetch All Users Data	1649942771787	1649942771788	KO	j.n.UnknownHostException: DOMAIN TO FETCH ALL USERS DATA
USER	FetchAllUsersDataSimulation	END	1649942771788
USER	FetchAllUsersDataSimulation	START	1649942771878
REQUEST		Load Login Page	1649942771879	1649942771880	KO	j.n.UnknownHostException: DOMAIN TO FETCH ALL USERS DATA
REQUEST		Customer Login Action	1649942771880	1649942771880	KO	j.n.UnknownHostException: DOMAIN TO FETCH ALL USERS DATA
REQUEST		Fetch All Users Data	1649942771880	1649942771881	KO	j.n.UnknownHostException: DOMAIN TO FETCH ALL USERS DATA
USER	FetchAllUsersDataSimulation	END	1649942771881
USER	FetchAllUsersDataSimulation	START	1649942771988
REQUEST		Load Login Page	1649942771988	1649942771988	KO	j.n.UnknownHostException: DOMAIN TO FETCH ALL USERS DATA
REQUEST		Customer Login Action	1649942771989	1649942771989	KO	j.n.UnknownHostException: DOMAIN TO FETCH ALL USERS DATA
REQUEST		Fetch All Users Data	1649942771989	1649942771989	KO	j.n.UnknownHostException: DOMAIN TO FETCH ALL USERS DATA
USER	FetchAllUsersDataSimulation	END	1649942771989
USER	FetchAllUsersDataSimulation	START	1649942772080
REQUEST		Load Login Page	1649942772081	1649942772081	KO	j.n.UnknownHostException: DOMAIN TO FETCH ALL USERS DATA
REQUEST		Customer Login Action	1649942772081	1649942772081	KO	j.n.UnknownHostException: DOMAIN TO FETCH ALL USERS DATA
REQUEST		Fetch All Users Data	1649942772081	1649942772081	KO	j.n.UnknownHostException: DOMAIN TO FETCH ALL USERS DATA
USER	FetchAllUsersDataSimulation	END	1649942772081
USER	FetchAllUsersDataSimulation	START	1649942772176
REQUEST		Load Login Page	1649942772176	1649942772177	KO	j.n.UnknownHostException: DOMAIN TO FETCH ALL USERS DATA
REQUEST		Customer Login Action	1649942772177	1649942772177	KO	j.n.UnknownHostException: DOMAIN TO FETCH ALL USERS DATA
REQUEST		Fetch All Users Data	1649942772177	1649942772177	KO	j.n.UnknownHostException: DOMAIN TO FETCH ALL USERS DATA
USER	FetchAllUsersDataSimulation	END	1649942772177
USER	FetchAllUsersDataSimulation	START	1649942772285
REQUEST		Load Login Page	1649942772286	1649942772286	KO	j.n.UnknownHostException: DOMAIN TO FETCH ALL USERS DATA
REQUEST		Customer Login Action	1649942772286	1649942772286	KO	j.n.UnknownHostException: DOMAIN TO FETCH ALL USERS DATA
REQUEST		Fetch All Users Data	1649942772287	1649942772287	KO	j.n.UnknownHostException: DOMAIN TO FETCH ALL USERS DATA
USER	FetchAllUsersDataSimulation	END	1649942772287
USER	FetchAllUsersDataSimulation	START	1649942772379
REQUEST		Load Login Page	1649942772380	1649942772380	KO	j.n.UnknownHostException: DOMAIN TO FETCH ALL USERS DATA
REQUEST		Customer Login Action	1649942772380	1649942772380	KO	j.n.UnknownHostException: DOMAIN TO FETCH ALL USERS DATA
REQUEST		Fetch All Users Data	1649942772381	1649942772381	KO	j.n.UnknownHostException: DOMAIN TO FETCH ALL USERS DATA
USER	FetchAllUsersDataSimulation	END	1649942772381
USER	FetchAllUsersDataSimulation	START	1649942772486
REQUEST		Load Login Page	1649942772486	1649942772487	KO	j.n.UnknownHostException: DOMAIN TO FETCH ALL USERS DATA
REQUEST		Customer Login Action	1649942772487	1649942772487	KO	j.n.UnknownHostException: DOMAIN TO FETCH ALL USERS DATA
REQUEST		Fetch All Users Data	1649942772487	1649942772487	KO	j.n.UnknownHostException: DOMAIN TO FETCH ALL USERS DATA
USER	FetchAllUsersDataSimulation	END	1649942772487
USER	FetchAllUsersDataSimulation	START	1649942772579
REQUEST		Load Login Page	1649942772579	1649942772579	KO	j.n.UnknownHostException: DOMAIN TO FETCH ALL USERS DATA
REQUEST		Customer Login Action	1649942772579	1649942772579	KO	j.n.UnknownHostException: DOMAIN TO FETCH ALL USERS DATA
REQUEST		Fetch All Users Data	1649942772579	1649942772579	KO	j.n.UnknownHostException: DOMAIN TO FETCH ALL USERS DATA
USER	FetchAllUsersDataSimulation	END	1649942772580
USER	FetchAllUsersDataSimulation	START	1649942772689
REQUEST		Load Login Page	1649942772690	1649942772690	KO	j.n.UnknownHostException: DOMAIN TO FETCH ALL USERS DATA
REQUEST		Customer Login Action	1649942772690	1649942772690	KO	j.n.UnknownHostException: DOMAIN TO FETCH ALL USERS DATA
REQUEST		Fetch All Users Data	1649942772690	1649942772690	KO	j.n.UnknownHostException: DOMAIN TO FETCH ALL USERS DATA
USER	FetchAllUsersDataSimulation	END	1649942772690
USER	FetchAllUsersDataSimulation	START	1649942772781
REQUEST		Load Login Page	1649942772782	1649942772782	KO	j.n.UnknownHostException: DOMAIN TO FETCH ALL USERS DATA
REQUEST		Customer Login Action	1649942772782	1649942772782	KO	j.n.UnknownHostException: DOMAIN TO FETCH ALL USERS DATA
REQUEST		Fetch All Users Data	1649942772782	1649942772782	KO	j.n.UnknownHostException: DOMAIN TO FETCH ALL USERS DATA
USER	FetchAllUsersDataSimulation	END	1649942772782
USER	FetchAllUsersDataSimulation	START	1649942772889
REQUEST		Load Login Page	1649942772889	1649942772890	KO	j.n.UnknownHostException: DOMAIN TO FETCH ALL USERS DATA
REQUEST		Customer Login Action	1649942772890	1649942772890	KO	j.n.UnknownHostException: DOMAIN TO FETCH ALL USERS DATA
REQUEST		Fetch All Users Data	1649942772890	1649942772890	KO	j.n.UnknownHostException: DOMAIN TO FETCH ALL USERS DATA
USER	FetchAllUsersDataSimulation	END	1649942772890
USER	FetchAllUsersDataSimulation	START	1649942772983
REQUEST		Load Login Page	1649942772983	1649942772983	KO	j.n.UnknownHostException: DOMAIN TO FETCH ALL USERS DATA
REQUEST		Customer Login Action	1649942772983	1649942772983	KO	j.n.UnknownHostException: DOMAIN TO FETCH ALL USERS DATA
REQUEST		Fetch All Users Data	1649942772983	1649942772983	KO	j.n.UnknownHostException: DOMAIN TO FETCH ALL USERS DATA
USER	FetchAllUsersDataSimulation	END	1649942772983
USER	FetchAllUsersDataSimulation	START	1649942773077
REQUEST		Load Login Page	1649942773077	1649942773078	KO	j.n.UnknownHostException: DOMAIN TO FETCH ALL USERS DATA
REQUEST		Customer Login Action	1649942773078	1649942773078	KO	j.n.UnknownHostException: DOMAIN TO FETCH ALL USERS DATA
REQUEST		Fetch All Users Data	1649942773078	1649942773078	KO	j.n.UnknownHostException: DOMAIN TO FETCH ALL USERS DATA
USER	FetchAllUsersDataSimulation	END	1649942773078
USER	FetchAllUsersDataSimulation	START	1649942773185
REQUEST		Load Login Page	1649942773185	1649942773185	KO	j.n.UnknownHostException: DOMAIN TO FETCH ALL USERS DATA
REQUEST		Customer Login Action	1649942773185	1649942773185	KO	j.n.UnknownHostException: DOMAIN TO FETCH ALL USERS DATA
REQUEST		Fetch All Users Data	1649942773186	1649942773186	KO	j.n.UnknownHostException: DOMAIN TO FETCH ALL USERS DATA
USER	FetchAllUsersDataSimulation	END	1649942773186
USER	FetchAllUsersDataSimulation	START	1649942773278
REQUEST		Load Login Page	1649942773279	1649942773279	KO	j.n.UnknownHostException: DOMAIN TO FETCH ALL USERS DATA
REQUEST		Customer Login Action	1649942773279	1649942773279	KO	j.n.UnknownHostException: DOMAIN TO FETCH ALL USERS DATA
REQUEST		Fetch All Users Data	1649942773280	1649942773280	KO	j.n.UnknownHostException: DOMAIN TO FETCH ALL USERS DATA
USER	FetchAllUsersDataSimulation	END	1649942773280
USER	FetchAllUsersDataSimulation	START	1649942773388
REQUEST		Load Login Page	1649942773389	1649942773389	KO	j.n.UnknownHostException: DOMAIN TO FETCH ALL USERS DATA
REQUEST		Customer Login Action	1649942773390	1649942773390	KO	j.n.UnknownHostException: DOMAIN TO FETCH ALL USERS DATA
REQUEST		Fetch All Users Data	1649942773390	1649942773390	KO	j.n.UnknownHostException: DOMAIN TO FETCH ALL USERS DATA
USER	FetchAllUsersDataSimulation	END	1649942773391
USER	FetchAllUsersDataSimulation	START	1649942773482
REQUEST		Load Login Page	1649942773483	1649942773484	KO	j.n.UnknownHostException: DOMAIN TO FETCH ALL USERS DATA
REQUEST		Customer Login Action	1649942773484	1649942773484	KO	j.n.UnknownHostException: DOMAIN TO FETCH ALL USERS DATA
REQUEST		Fetch All Users Data	1649942773484	1649942773485	KO	j.n.UnknownHostException: DOMAIN TO FETCH ALL USERS DATA
USER	FetchAllUsersDataSimulation	END	1649942773485
USER	FetchAllUsersDataSimulation	START	1649942773575
REQUEST		Load Login Page	1649942773576	1649942773576	KO	j.n.UnknownHostException: DOMAIN TO FETCH ALL USERS DATA
REQUEST		Customer Login Action	1649942773576	1649942773577	KO	j.n.UnknownHostException: DOMAIN TO FETCH ALL USERS DATA
REQUEST		Fetch All Users Data	1649942773577	1649942773577	KO	j.n.UnknownHostException: DOMAIN TO FETCH ALL USERS DATA
USER	FetchAllUsersDataSimulation	END	1649942773577
USER	FetchAllUsersDataSimulation	START	1649942773683
REQUEST		Load Login Page	1649942773683	1649942773684	KO	j.n.UnknownHostException: DOMAIN TO FETCH ALL USERS DATA
REQUEST		Customer Login Action	1649942773684	1649942773684	KO	j.n.UnknownHostException: DOMAIN TO FETCH ALL USERS DATA
REQUEST		Fetch All Users Data	1649942773684	1649942773684	KO	j.n.UnknownHostException: DOMAIN TO FETCH ALL USERS DATA
USER	FetchAllUsersDataSimulation	END	1649942773684
USER	FetchAllUsersDataSimulation	START	1649942773776
REQUEST		Load Login Page	1649942773777	1649942773777	KO	j.n.UnknownHostException: DOMAIN TO FETCH ALL USERS DATA
REQUEST		Customer Login Action	1649942773777	1649942773777	KO	j.n.UnknownHostException: DOMAIN TO FETCH ALL USERS DATA
REQUEST		Fetch All Users Data	1649942773778	1649942773778	KO	j.n.UnknownHostException: DOMAIN TO FETCH ALL USERS DATA
USER	FetchAllUsersDataSimulation	END	1649942773778
USER	FetchAllUsersDataSimulation	START	1649942773885
REQUEST		Load Login Page	1649942773886	1649942773886	KO	j.n.UnknownHostException: DOMAIN TO FETCH ALL USERS DATA
REQUEST		Customer Login Action	1649942773886	1649942773886	KO	j.n.UnknownHostException: DOMAIN TO FETCH ALL USERS DATA
REQUEST		Fetch All Users Data	1649942773886	1649942773886	KO	j.n.UnknownHostException: DOMAIN TO FETCH ALL USERS DATA
USER	FetchAllUsersDataSimulation	END	1649942773886
USER	FetchAllUsersDataSimulation	START	1649942773979
REQUEST		Load Login Page	1649942773979	1649942773979	KO	j.n.UnknownHostException: DOMAIN TO FETCH ALL USERS DATA
REQUEST		Customer Login Action	1649942773979	1649942773979	KO	j.n.UnknownHostException: DOMAIN TO FETCH ALL USERS DATA
REQUEST		Fetch All Users Data	1649942773979	1649942773979	KO	j.n.UnknownHostException: DOMAIN TO FETCH ALL USERS DATA
USER	FetchAllUsersDataSimulation	END	1649942773979
USER	FetchAllUsersDataSimulation	START	1649942774087
REQUEST		Load Login Page	1649942774088	1649942774088	KO	j.n.UnknownHostException: DOMAIN TO FETCH ALL USERS DATA
REQUEST		Customer Login Action	1649942774088	1649942774088	KO	j.n.UnknownHostException: DOMAIN TO FETCH ALL USERS DATA
REQUEST		Fetch All Users Data	1649942774089	1649942774089	KO	j.n.UnknownHostException: DOMAIN TO FETCH ALL USERS DATA
USER	FetchAllUsersDataSimulation	END	1649942774089
USER	FetchAllUsersDataSimulation	START	1649942774179
REQUEST		Load Login Page	1649942774180	1649942774180	KO	j.n.UnknownHostException: DOMAIN TO FETCH ALL USERS DATA
REQUEST		Customer Login Action	1649942774180	1649942774180	KO	j.n.UnknownHostException: DOMAIN TO FETCH ALL USERS DATA
REQUEST		Fetch All Users Data	1649942774180	1649942774180	KO	j.n.UnknownHostException: DOMAIN TO FETCH ALL USERS DATA
USER	FetchAllUsersDataSimulation	END	1649942774180
USER	FetchAllUsersDataSimulation	START	1649942774288
REQUEST		Load Login Page	1649942774288	1649942774288	KO	j.n.UnknownHostException: DOMAIN TO FETCH ALL USERS DATA
REQUEST		Customer Login Action	1649942774289	1649942774289	KO	j.n.UnknownHostException: DOMAIN TO FETCH ALL USERS DATA
REQUEST		Fetch All Users Data	1649942774289	1649942774289	KO	j.n.UnknownHostException: DOMAIN TO FETCH ALL USERS DATA
USER	FetchAllUsersDataSimulation	END	1649942774289
USER	FetchAllUsersDataSimulation	START	1649942774381
REQUEST		Load Login Page	1649942774381	1649942774381	KO	j.n.UnknownHostException: DOMAIN TO FETCH ALL USERS DATA
REQUEST		Customer Login Action	1649942774381	1649942774381	KO	j.n.UnknownHostException: DOMAIN TO FETCH ALL USERS DATA
REQUEST		Fetch All Users Data	1649942774381	1649942774381	KO	j.n.UnknownHostException: DOMAIN TO FETCH ALL USERS DATA
USER	FetchAllUsersDataSimulation	END	1649942774381
USER	FetchAllUsersDataSimulation	START	1649942774474
REQUEST		Load Login Page	1649942774474	1649942774474	KO	j.n.UnknownHostException: DOMAIN TO FETCH ALL USERS DATA
REQUEST		Customer Login Action	1649942774474	1649942774475	KO	j.n.UnknownHostException: DOMAIN TO FETCH ALL USERS DATA
REQUEST		Fetch All Users Data	1649942774475	1649942774475	KO	j.n.UnknownHostException: DOMAIN TO FETCH ALL USERS DATA
USER	FetchAllUsersDataSimulation	END	1649942774475
USER	FetchAllUsersDataSimulation	START	1649942774582
REQUEST		Load Login Page	1649942774583	1649942774583	KO	j.n.UnknownHostException: DOMAIN TO FETCH ALL USERS DATA
REQUEST		Customer Login Action	1649942774583	1649942774583	KO	j.n.UnknownHostException: DOMAIN TO FETCH ALL USERS DATA
REQUEST		Fetch All Users Data	1649942774583	1649942774583	KO	j.n.UnknownHostException: DOMAIN TO FETCH ALL USERS DATA
USER	FetchAllUsersDataSimulation	END	1649942774583
USER	FetchAllUsersDataSimulation	START	1649942774676
REQUEST		Load Login Page	1649942774676	1649942774676	KO	j.n.UnknownHostException: DOMAIN TO FETCH ALL USERS DATA
REQUEST		Customer Login Action	1649942774676	1649942774676	KO	j.n.UnknownHostException: DOMAIN TO FETCH ALL USERS DATA
REQUEST		Fetch All Users Data	1649942774676	1649942774676	KO	j.n.UnknownHostException: DOMAIN TO FETCH ALL USERS DATA
USER	FetchAllUsersDataSimulation	END	1649942774676
USER	FetchAllUsersDataSimulation	START	1649942774785
REQUEST		Load Login Page	1649942774785	1649942774785	KO	j.n.UnknownHostException: DOMAIN TO FETCH ALL USERS DATA
REQUEST		Customer Login Action	1649942774786	1649942774786	KO	j.n.UnknownHostException: DOMAIN TO FETCH ALL USERS DATA
REQUEST		Fetch All Users Data	1649942774786	1649942774786	KO	j.n.UnknownHostException: DOMAIN TO FETCH ALL USERS DATA
USER	FetchAllUsersDataSimulation	END	1649942774786
USER	FetchAllUsersDataSimulation	START	1649942774876
REQUEST		Load Login Page	1649942774877	1649942774877	KO	j.n.UnknownHostException: DOMAIN TO FETCH ALL USERS DATA
REQUEST		Customer Login Action	1649942774877	1649942774877	KO	j.n.UnknownHostException: DOMAIN TO FETCH ALL USERS DATA
REQUEST		Fetch All Users Data	1649942774877	1649942774877	KO	j.n.UnknownHostException: DOMAIN TO FETCH ALL USERS DATA
USER	FetchAllUsersDataSimulation	END	1649942774877
USER	FetchAllUsersDataSimulation	START	1649942774986
REQUEST		Load Login Page	1649942774987	1649942774987	KO	j.n.UnknownHostException: DOMAIN TO FETCH ALL USERS DATA
REQUEST		Customer Login Action	1649942774988	1649942774988	KO	j.n.UnknownHostException: DOMAIN TO FETCH ALL USERS DATA
REQUEST		Fetch All Users Data	1649942774988	1649942774988	KO	j.n.UnknownHostException: DOMAIN TO FETCH ALL USERS DATA
USER	FetchAllUsersDataSimulation	END	1649942774989
USER	FetchAllUsersDataSimulation	START	1649942775079
REQUEST		Load Login Page	1649942775079	1649942775079	KO	j.n.UnknownHostException: DOMAIN TO FETCH ALL USERS DATA
REQUEST		Customer Login Action	1649942775079	1649942775080	KO	j.n.UnknownHostException: DOMAIN TO FETCH ALL USERS DATA
REQUEST		Fetch All Users Data	1649942775080	1649942775080	KO	j.n.UnknownHostException: DOMAIN TO FETCH ALL USERS DATA
USER	FetchAllUsersDataSimulation	END	1649942775080
USER	FetchAllUsersDataSimulation	START	1649942775187
REQUEST		Load Login Page	1649942775188	1649942775188	KO	j.n.UnknownHostException: DOMAIN TO FETCH ALL USERS DATA
REQUEST		Customer Login Action	1649942775189	1649942775189	KO	j.n.UnknownHostException: DOMAIN TO FETCH ALL USERS DATA
REQUEST		Fetch All Users Data	1649942775189	1649942775189	KO	j.n.UnknownHostException: DOMAIN TO FETCH ALL USERS DATA
USER	FetchAllUsersDataSimulation	END	1649942775190
USER	FetchAllUsersDataSimulation	START	1649942775281
REQUEST		Load Login Page	1649942775281	1649942775281	KO	j.n.UnknownHostException: DOMAIN TO FETCH ALL USERS DATA
REQUEST		Customer Login Action	1649942775282	1649942775282	KO	j.n.UnknownHostException: DOMAIN TO FETCH ALL USERS DATA
REQUEST		Fetch All Users Data	1649942775282	1649942775282	KO	j.n.UnknownHostException: DOMAIN TO FETCH ALL USERS DATA
USER	FetchAllUsersDataSimulation	END	1649942775282
USER	FetchAllUsersDataSimulation	START	1649942775389
REQUEST		Load Login Page	1649942775391	1649942775391	KO	j.n.UnknownHostException: DOMAIN TO FETCH ALL USERS DATA
REQUEST		Customer Login Action	1649942775391	1649942775391	KO	j.n.UnknownHostException: DOMAIN TO FETCH ALL USERS DATA
REQUEST		Fetch All Users Data	1649942775392	1649942775392	KO	j.n.UnknownHostException: DOMAIN TO FETCH ALL USERS DATA
USER	FetchAllUsersDataSimulation	END	1649942775392
USER	FetchAllUsersDataSimulation	START	1649942775483
REQUEST		Load Login Page	1649942775483	1649942775484	KO	j.n.UnknownHostException: DOMAIN TO FETCH ALL USERS DATA
REQUEST		Customer Login Action	1649942775484	1649942775484	KO	j.n.UnknownHostException: DOMAIN TO FETCH ALL USERS DATA
REQUEST		Fetch All Users Data	1649942775484	1649942775484	KO	j.n.UnknownHostException: DOMAIN TO FETCH ALL USERS DATA
USER	FetchAllUsersDataSimulation	END	1649942775484
USER	FetchAllUsersDataSimulation	START	1649942775576
REQUEST		Load Login Page	1649942775576	1649942775577	KO	j.n.UnknownHostException: DOMAIN TO FETCH ALL USERS DATA
REQUEST		Customer Login Action	1649942775577	1649942775577	KO	j.n.UnknownHostException: DOMAIN TO FETCH ALL USERS DATA
REQUEST		Fetch All Users Data	1649942775577	1649942775577	KO	j.n.UnknownHostException: DOMAIN TO FETCH ALL USERS DATA
USER	FetchAllUsersDataSimulation	END	1649942775578
USER	FetchAllUsersDataSimulation	START	1649942775686
REQUEST		Load Login Page	1649942775687	1649942775687	KO	j.n.UnknownHostException: DOMAIN TO FETCH ALL USERS DATA
REQUEST		Customer Login Action	1649942775687	1649942775687	KO	j.n.UnknownHostException: DOMAIN TO FETCH ALL USERS DATA
REQUEST		Fetch All Users Data	1649942775688	1649942775688	KO	j.n.UnknownHostException: DOMAIN TO FETCH ALL USERS DATA
USER	FetchAllUsersDataSimulation	END	1649942775688
USER	FetchAllUsersDataSimulation	START	1649942775780
REQUEST		Load Login Page	1649942775780	1649942775780	KO	j.n.UnknownHostException: DOMAIN TO FETCH ALL USERS DATA
REQUEST		Customer Login Action	1649942775781	1649942775781	KO	j.n.UnknownHostException: DOMAIN TO FETCH ALL USERS DATA
REQUEST		Fetch All Users Data	1649942775781	1649942775781	KO	j.n.UnknownHostException: DOMAIN TO FETCH ALL USERS DATA
USER	FetchAllUsersDataSimulation	END	1649942775781
USER	FetchAllUsersDataSimulation	START	1649942775888
REQUEST		Load Login Page	1649942775889	1649942775889	KO	j.n.UnknownHostException: DOMAIN TO FETCH ALL USERS DATA
REQUEST		Customer Login Action	1649942775890	1649942775890	KO	j.n.UnknownHostException: DOMAIN TO FETCH ALL USERS DATA
REQUEST		Fetch All Users Data	1649942775890	1649942775890	KO	j.n.UnknownHostException: DOMAIN TO FETCH ALL USERS DATA
USER	FetchAllUsersDataSimulation	END	1649942775890
USER	FetchAllUsersDataSimulation	START	1649942775982
REQUEST		Load Login Page	1649942775983	1649942775983	KO	j.n.UnknownHostException: DOMAIN TO FETCH ALL USERS DATA
REQUEST		Customer Login Action	1649942775983	1649942775983	KO	j.n.UnknownHostException: DOMAIN TO FETCH ALL USERS DATA
REQUEST		Fetch All Users Data	1649942775983	1649942775983	KO	j.n.UnknownHostException: DOMAIN TO FETCH ALL USERS DATA
USER	FetchAllUsersDataSimulation	END	1649942775983
USER	FetchAllUsersDataSimulation	START	1649942776076
REQUEST		Load Login Page	1649942776076	1649942776076	KO	j.n.UnknownHostException: DOMAIN TO FETCH ALL USERS DATA
REQUEST		Customer Login Action	1649942776076	1649942776076	KO	j.n.UnknownHostException: DOMAIN TO FETCH ALL USERS DATA
REQUEST		Fetch All Users Data	1649942776077	1649942776077	KO	j.n.UnknownHostException: DOMAIN TO FETCH ALL USERS DATA
USER	FetchAllUsersDataSimulation	END	1649942776077
USER	FetchAllUsersDataSimulation	START	1649942776184
REQUEST		Load Login Page	1649942776185	1649942776185	KO	j.n.UnknownHostException: DOMAIN TO FETCH ALL USERS DATA
REQUEST		Customer Login Action	1649942776186	1649942776186	KO	j.n.UnknownHostException: DOMAIN TO FETCH ALL USERS DATA
REQUEST		Fetch All Users Data	1649942776186	1649942776186	KO	j.n.UnknownHostException: DOMAIN TO FETCH ALL USERS DATA
USER	FetchAllUsersDataSimulation	END	1649942776187
USER	FetchAllUsersDataSimulation	START	1649942776277
REQUEST		Load Login Page	1649942776277	1649942776277	KO	j.n.UnknownHostException: DOMAIN TO FETCH ALL USERS DATA
REQUEST		Customer Login Action	1649942776277	1649942776277	KO	j.n.UnknownHostException: DOMAIN TO FETCH ALL USERS DATA
REQUEST		Fetch All Users Data	1649942776278	1649942776278	KO	j.n.UnknownHostException: DOMAIN TO FETCH ALL USERS DATA
USER	FetchAllUsersDataSimulation	END	1649942776278
USER	FetchAllUsersDataSimulation	START	1649942776387
REQUEST		Load Login Page	1649942776388	1649942776388	KO	j.n.UnknownHostException: DOMAIN TO FETCH ALL USERS DATA
REQUEST		Customer Login Action	1649942776389	1649942776389	KO	j.n.UnknownHostException: DOMAIN TO FETCH ALL USERS DATA
REQUEST		Fetch All Users Data	1649942776389	1649942776389	KO	j.n.UnknownHostException: DOMAIN TO FETCH ALL USERS DATA
USER	FetchAllUsersDataSimulation	END	1649942776390
USER	FetchAllUsersDataSimulation	START	1649942776480
REQUEST		Load Login Page	1649942776481	1649942776481	KO	j.n.UnknownHostException: DOMAIN TO FETCH ALL USERS DATA
REQUEST		Customer Login Action	1649942776481	1649942776481	KO	j.n.UnknownHostException: DOMAIN TO FETCH ALL USERS DATA
REQUEST		Fetch All Users Data	1649942776481	1649942776481	KO	j.n.UnknownHostException: DOMAIN TO FETCH ALL USERS DATA
USER	FetchAllUsersDataSimulation	END	1649942776481
USER	FetchAllUsersDataSimulation	START	1649942776588
REQUEST		Load Login Page	1649942776589	1649942776589	KO	j.n.UnknownHostException: DOMAIN TO FETCH ALL USERS DATA
REQUEST		Customer Login Action	1649942776589	1649942776589	KO	j.n.UnknownHostException: DOMAIN TO FETCH ALL USERS DATA
REQUEST		Fetch All Users Data	1649942776589	1649942776589	KO	j.n.UnknownHostException: DOMAIN TO FETCH ALL USERS DATA
USER	FetchAllUsersDataSimulation	END	1649942776589
USER	FetchAllUsersDataSimulation	START	1649942776680
REQUEST		Load Login Page	1649942776681	1649942776681	KO	j.n.UnknownHostException: DOMAIN TO FETCH ALL USERS DATA
REQUEST		Customer Login Action	1649942776681	1649942776681	KO	j.n.UnknownHostException: DOMAIN TO FETCH ALL USERS DATA
REQUEST		Fetch All Users Data	1649942776681	1649942776681	KO	j.n.UnknownHostException: DOMAIN TO FETCH ALL USERS DATA
USER	FetchAllUsersDataSimulation	END	1649942776682
USER	FetchAllUsersDataSimulation	START	1649942776789
REQUEST		Load Login Page	1649942776789	1649942776789	KO	j.n.UnknownHostException: DOMAIN TO FETCH ALL USERS DATA
REQUEST		Customer Login Action	1649942776789	1649942776789	KO	j.n.UnknownHostException: DOMAIN TO FETCH ALL USERS DATA
REQUEST		Fetch All Users Data	1649942776790	1649942776790	KO	j.n.UnknownHostException: DOMAIN TO FETCH ALL USERS DATA
USER	FetchAllUsersDataSimulation	END	1649942776790
USER	FetchAllUsersDataSimulation	START	1649942776882
REQUEST		Load Login Page	1649942776882	1649942776882	KO	j.n.UnknownHostException: DOMAIN TO FETCH ALL USERS DATA
REQUEST		Customer Login Action	1649942776882	1649942776883	KO	j.n.UnknownHostException: DOMAIN TO FETCH ALL USERS DATA
REQUEST		Fetch All Users Data	1649942776883	1649942776883	KO	j.n.UnknownHostException: DOMAIN TO FETCH ALL USERS DATA
USER	FetchAllUsersDataSimulation	END	1649942776883
USER	FetchAllUsersDataSimulation	START	1649942776988
REQUEST		Load Login Page	1649942776989	1649942776989	KO	j.n.UnknownHostException: DOMAIN TO FETCH ALL USERS DATA
REQUEST		Customer Login Action	1649942776989	1649942776989	KO	j.n.UnknownHostException: DOMAIN TO FETCH ALL USERS DATA
REQUEST		Fetch All Users Data	1649942776989	1649942776989	KO	j.n.UnknownHostException: DOMAIN TO FETCH ALL USERS DATA
USER	FetchAllUsersDataSimulation	END	1649942776989
USER	FetchAllUsersDataSimulation	START	1649942777082
REQUEST		Load Login Page	1649942777083	1649942777083	KO	j.n.UnknownHostException: DOMAIN TO FETCH ALL USERS DATA
REQUEST		Customer Login Action	1649942777083	1649942777083	KO	j.n.UnknownHostException: DOMAIN TO FETCH ALL USERS DATA
REQUEST		Fetch All Users Data	1649942777083	1649942777083	KO	j.n.UnknownHostException: DOMAIN TO FETCH ALL USERS DATA
USER	FetchAllUsersDataSimulation	END	1649942777083
USER	FetchAllUsersDataSimulation	START	1649942777176
REQUEST		Load Login Page	1649942777176	1649942777177	KO	j.n.UnknownHostException: DOMAIN TO FETCH ALL USERS DATA
REQUEST		Customer Login Action	1649942777177	1649942777177	KO	j.n.UnknownHostException: DOMAIN TO FETCH ALL USERS DATA
REQUEST		Fetch All Users Data	1649942777177	1649942777177	KO	j.n.UnknownHostException: DOMAIN TO FETCH ALL USERS DATA
USER	FetchAllUsersDataSimulation	END	1649942777178
USER	FetchAllUsersDataSimulation	START	1649942777284
REQUEST		Load Login Page	1649942777285	1649942777285	KO	j.n.UnknownHostException: DOMAIN TO FETCH ALL USERS DATA
REQUEST		Customer Login Action	1649942777286	1649942777286	KO	j.n.UnknownHostException: DOMAIN TO FETCH ALL USERS DATA
REQUEST		Fetch All Users Data	1649942777286	1649942777286	KO	j.n.UnknownHostException: DOMAIN TO FETCH ALL USERS DATA
USER	FetchAllUsersDataSimulation	END	1649942777286
USER	FetchAllUsersDataSimulation	START	1649942777378
REQUEST		Load Login Page	1649942777378	1649942777378	KO	j.n.UnknownHostException: DOMAIN TO FETCH ALL USERS DATA
REQUEST		Customer Login Action	1649942777378	1649942777378	KO	j.n.UnknownHostException: DOMAIN TO FETCH ALL USERS DATA
REQUEST		Fetch All Users Data	1649942777378	1649942777378	KO	j.n.UnknownHostException: DOMAIN TO FETCH ALL USERS DATA
USER	FetchAllUsersDataSimulation	END	1649942777378
USER	FetchAllUsersDataSimulation	START	1649942777486
REQUEST		Load Login Page	1649942777487	1649942777487	KO	j.n.UnknownHostException: DOMAIN TO FETCH ALL USERS DATA
REQUEST		Customer Login Action	1649942777488	1649942777488	KO	j.n.UnknownHostException: DOMAIN TO FETCH ALL USERS DATA
REQUEST		Fetch All Users Data	1649942777488	1649942777488	KO	j.n.UnknownHostException: DOMAIN TO FETCH ALL USERS DATA
USER	FetchAllUsersDataSimulation	END	1649942777489
USER	FetchAllUsersDataSimulation	START	1649942777578
REQUEST		Load Login Page	1649942777579	1649942777579	KO	j.n.UnknownHostException: DOMAIN TO FETCH ALL USERS DATA
REQUEST		Customer Login Action	1649942777579	1649942777579	KO	j.n.UnknownHostException: DOMAIN TO FETCH ALL USERS DATA
REQUEST		Fetch All Users Data	1649942777579	1649942777579	KO	j.n.UnknownHostException: DOMAIN TO FETCH ALL USERS DATA
USER	FetchAllUsersDataSimulation	END	1649942777579
USER	FetchAllUsersDataSimulation	START	1649942777689
REQUEST		Load Login Page	1649942777690	1649942777690	KO	j.n.UnknownHostException: DOMAIN TO FETCH ALL USERS DATA
REQUEST		Customer Login Action	1649942777690	1649942777690	KO	j.n.UnknownHostException: DOMAIN TO FETCH ALL USERS DATA
REQUEST		Fetch All Users Data	1649942777691	1649942777691	KO	j.n.UnknownHostException: DOMAIN TO FETCH ALL USERS DATA
USER	FetchAllUsersDataSimulation	END	1649942777691
USER	FetchAllUsersDataSimulation	START	1649942777782
REQUEST		Load Login Page	1649942777783	1649942777783	KO	j.n.UnknownHostException: DOMAIN TO FETCH ALL USERS DATA
REQUEST		Customer Login Action	1649942777783	1649942777783	KO	j.n.UnknownHostException: DOMAIN TO FETCH ALL USERS DATA
REQUEST		Fetch All Users Data	1649942777783	1649942777783	KO	j.n.UnknownHostException: DOMAIN TO FETCH ALL USERS DATA
USER	FetchAllUsersDataSimulation	END	1649942777784
USER	FetchAllUsersDataSimulation	START	1649942777876
REQUEST		Load Login Page	1649942777877	1649942777877	KO	j.n.UnknownHostException: DOMAIN TO FETCH ALL USERS DATA
REQUEST		Customer Login Action	1649942777877	1649942777877	KO	j.n.UnknownHostException: DOMAIN TO FETCH ALL USERS DATA
REQUEST		Fetch All Users Data	1649942777878	1649942777878	KO	j.n.UnknownHostException: DOMAIN TO FETCH ALL USERS DATA
USER	FetchAllUsersDataSimulation	END	1649942777878
USER	FetchAllUsersDataSimulation	START	1649942777985
REQUEST		Load Login Page	1649942777986	1649942777986	KO	j.n.UnknownHostException: DOMAIN TO FETCH ALL USERS DATA
REQUEST		Customer Login Action	1649942777987	1649942777987	KO	j.n.UnknownHostException: DOMAIN TO FETCH ALL USERS DATA
REQUEST		Fetch All Users Data	1649942777987	1649942777987	KO	j.n.UnknownHostException: DOMAIN TO FETCH ALL USERS DATA
USER	FetchAllUsersDataSimulation	END	1649942777987
USER	FetchAllUsersDataSimulation	START	1649942778079
REQUEST		Load Login Page	1649942778080	1649942778080	KO	j.n.UnknownHostException: DOMAIN TO FETCH ALL USERS DATA
REQUEST		Customer Login Action	1649942778080	1649942778080	KO	j.n.UnknownHostException: DOMAIN TO FETCH ALL USERS DATA
REQUEST		Fetch All Users Data	1649942778081	1649942778081	KO	j.n.UnknownHostException: DOMAIN TO FETCH ALL USERS DATA
USER	FetchAllUsersDataSimulation	END	1649942778081
USER	FetchAllUsersDataSimulation	START	1649942778187
REQUEST		Load Login Page	1649942778188	1649942778188	KO	j.n.UnknownHostException: DOMAIN TO FETCH ALL USERS DATA
REQUEST		Customer Login Action	1649942778188	1649942778188	KO	j.n.UnknownHostException: DOMAIN TO FETCH ALL USERS DATA
REQUEST		Fetch All Users Data	1649942778189	1649942778189	KO	j.n.UnknownHostException: DOMAIN TO FETCH ALL USERS DATA
USER	FetchAllUsersDataSimulation	END	1649942778189
USER	FetchAllUsersDataSimulation	START	1649942778295
REQUEST		Load Login Page	1649942778295	1649942778296	KO	j.n.UnknownHostException: No such host is known (DOMAIN TO FETCH ALL USERS DATA)
REQUEST		Customer Login Action	1649942778296	1649942778296	KO	j.n.UnknownHostException: DOMAIN TO FETCH ALL USERS DATA
REQUEST		Fetch All Users Data	1649942778296	1649942778296	KO	j.n.UnknownHostException: DOMAIN TO FETCH ALL USERS DATA
USER	FetchAllUsersDataSimulation	END	1649942778296
USER	FetchAllUsersDataSimulation	START	1649942778388
REQUEST		Load Login Page	1649942778389	1649942778389	KO	j.n.UnknownHostException: DOMAIN TO FETCH ALL USERS DATA
REQUEST		Customer Login Action	1649942778389	1649942778389	KO	j.n.UnknownHostException: DOMAIN TO FETCH ALL USERS DATA
REQUEST		Fetch All Users Data	1649942778390	1649942778390	KO	j.n.UnknownHostException: DOMAIN TO FETCH ALL USERS DATA
USER	FetchAllUsersDataSimulation	END	1649942778390
USER	FetchAllUsersDataSimulation	START	1649942778481
REQUEST		Load Login Page	1649942778482	1649942778482	KO	j.n.UnknownHostException: DOMAIN TO FETCH ALL USERS DATA
REQUEST		Customer Login Action	1649942778483	1649942778483	KO	j.n.UnknownHostException: DOMAIN TO FETCH ALL USERS DATA
REQUEST		Fetch All Users Data	1649942778483	1649942778483	KO	j.n.UnknownHostException: DOMAIN TO FETCH ALL USERS DATA
USER	FetchAllUsersDataSimulation	END	1649942778484
USER	FetchAllUsersDataSimulation	START	1649942778575
REQUEST		Load Login Page	1649942778575	1649942778575	KO	j.n.UnknownHostException: DOMAIN TO FETCH ALL USERS DATA
REQUEST		Customer Login Action	1649942778575	1649942778575	KO	j.n.UnknownHostException: DOMAIN TO FETCH ALL USERS DATA
REQUEST		Fetch All Users Data	1649942778576	1649942778576	KO	j.n.UnknownHostException: DOMAIN TO FETCH ALL USERS DATA
USER	FetchAllUsersDataSimulation	END	1649942778576
USER	FetchAllUsersDataSimulation	START	1649942778683
REQUEST		Load Login Page	1649942778683	1649942778683	KO	j.n.UnknownHostException: DOMAIN TO FETCH ALL USERS DATA
REQUEST		Customer Login Action	1649942778684	1649942778684	KO	j.n.UnknownHostException: DOMAIN TO FETCH ALL USERS DATA
REQUEST		Fetch All Users Data	1649942778684	1649942778684	KO	j.n.UnknownHostException: DOMAIN TO FETCH ALL USERS DATA
USER	FetchAllUsersDataSimulation	END	1649942778684
USER	FetchAllUsersDataSimulation	START	1649942778776
REQUEST		Load Login Page	1649942778777	1649942778777	KO	j.n.UnknownHostException: DOMAIN TO FETCH ALL USERS DATA
REQUEST		Customer Login Action	1649942778777	1649942778777	KO	j.n.UnknownHostException: DOMAIN TO FETCH ALL USERS DATA
REQUEST		Fetch All Users Data	1649942778777	1649942778777	KO	j.n.UnknownHostException: DOMAIN TO FETCH ALL USERS DATA
USER	FetchAllUsersDataSimulation	END	1649942778777
USER	FetchAllUsersDataSimulation	START	1649942778886
REQUEST		Load Login Page	1649942778887	1649942778887	KO	j.n.UnknownHostException: DOMAIN TO FETCH ALL USERS DATA
REQUEST		Customer Login Action	1649942778887	1649942778887	KO	j.n.UnknownHostException: DOMAIN TO FETCH ALL USERS DATA
REQUEST		Fetch All Users Data	1649942778888	1649942778888	KO	j.n.UnknownHostException: DOMAIN TO FETCH ALL USERS DATA
USER	FetchAllUsersDataSimulation	END	1649942778888
USER	FetchAllUsersDataSimulation	START	1649942778980
REQUEST		Load Login Page	1649942778981	1649942778981	KO	j.n.UnknownHostException: DOMAIN TO FETCH ALL USERS DATA
REQUEST		Customer Login Action	1649942778981	1649942778981	KO	j.n.UnknownHostException: DOMAIN TO FETCH ALL USERS DATA
REQUEST		Fetch All Users Data	1649942778982	1649942778982	KO	j.n.UnknownHostException: DOMAIN TO FETCH ALL USERS DATA
USER	FetchAllUsersDataSimulation	END	1649942778982
USER	FetchAllUsersDataSimulation	START	1649942779089
REQUEST		Load Login Page	1649942779089	1649942779089	KO	j.n.UnknownHostException: DOMAIN TO FETCH ALL USERS DATA
REQUEST		Customer Login Action	1649942779089	1649942779089	KO	j.n.UnknownHostException: DOMAIN TO FETCH ALL USERS DATA
REQUEST		Fetch All Users Data	1649942779089	1649942779089	KO	j.n.UnknownHostException: DOMAIN TO FETCH ALL USERS DATA
USER	FetchAllUsersDataSimulation	END	1649942779090
USER	FetchAllUsersDataSimulation	START	1649942779181
REQUEST		Load Login Page	1649942779182	1649942779182	KO	j.n.UnknownHostException: DOMAIN TO FETCH ALL USERS DATA
REQUEST		Customer Login Action	1649942779182	1649942779182	KO	j.n.UnknownHostException: DOMAIN TO FETCH ALL USERS DATA
REQUEST		Fetch All Users Data	1649942779182	1649942779182	KO	